############### Tue Nov 20 22:18:23 EST 2018
Updating '.':
At revision 347376.


############### Wed Nov 28 14:50:53 EST 2018
Updating '.':
U    lib/Index/USRGeneration.cpp
U    lib/Parse/ParseOpenMP.cpp
U    lib/Parse/ParseTemplate.cpp
U    lib/Frontend/CompilerInvocation.cpp
A    lib/Basic/Targets/ARC.h
U    lib/Basic/Targets/AArch64.cpp
U    lib/Sema/SemaType.cpp
U    lib/Sema/SemaChecking.cpp
U    lib/Sema/TreeTransform.h
U    lib/AST/ASTStructuralEquivalence.cpp
U    lib/Basic/Targets/X86.cpp
U    lib/Basic/CMakeLists.txt
U    lib/Sema/SemaStmtAttr.cpp
U    lib/Sema/SemaExpr.cpp
U    lib/Sema/SemaOpenMP.cpp
U    lib/Driver/XRayArgs.cpp
U    lib/Driver/ToolChains/CommonArgs.h
U    lib/Driver/ToolChains/Clang.cpp
U    lib/Driver/ToolChains/Gnu.cpp
U    lib/Driver/ToolChains/MinGW.cpp
U    lib/Driver/ToolChains/Fuchsia.cpp
U    lib/Driver/ToolChains/Linux.cpp
U    lib/Driver/ToolChains/CommonArgs.cpp
A    lib/StaticAnalyzer/Checkers/EnumCastOutOfRangeChecker.cpp
U    lib/StaticAnalyzer/Checkers/CMakeLists.txt
U    lib/StaticAnalyzer/Core/PlistDiagnostics.cpp
U    lib/StaticAnalyzer/Core/Z3ConstraintManager.cpp
U    lib/CodeGen/CGOpenMPRuntimeNVPTX.cpp
U    lib/CodeGen/CGOpenMPRuntime.h
U    lib/CodeGen/CodeGenModule.cpp
U    lib/CodeGen/CGDebugInfo.cpp
U    lib/CodeGen/CGOpenMPRuntime.cpp
U    lib/CodeGen/TargetInfo.cpp
U    lib/CodeGen/ItaniumCXXABI.cpp
U    lib/CodeGen/CGCall.cpp
U    lib/CodeGen/CGLoopInfo.cpp
U    lib/CodeGen/CGStmt.cpp
U    lib/CodeGen/MacroPPCallbacks.cpp
U    lib/CodeGen/CGBuiltin.cpp
U    lib/CodeGen/CGOpenMPRuntimeNVPTX.h
U    lib/Parse/ParseStmt.cpp
U    lib/Parse/ParsePragma.cpp
U    lib/Headers/altivec.h
U    lib/Basic/Targets.cpp
A    lib/Basic/Targets/ARC.cpp
U    lib/Sema/SemaDecl.cpp
U    lib/Sema/CodeCompleteConsumer.cpp
U    lib/Sema/SemaDeclCXX.cpp
U    lib/Sema/SemaDeclAttr.cpp
A    test/Driver/Inputs/resource_dir_with_per_target_subdir/aarch64-fuchsia/lib/libclang_rt.xray-basic.a
A    test/Driver/Inputs/resource_dir_with_per_target_subdir/aarch64-fuchsia/lib/libclang_rt.xray.a
A    test/Driver/Inputs/resource_dir_with_per_target_subdir/x86_64-fuchsia/lib/libclang_rt.xray-basic.a
A    test/Driver/Inputs/resource_dir_with_per_target_subdir/x86_64-fuchsia/lib/libclang_rt.xray.a
A    test/CodeGen/arc
U    lib/Sema/SemaCodeComplete.cpp
U    lib/AST/Decl.cpp
U    lib/AST/TypePrinter.cpp
U    lib/Format/TokenAnnotator.cpp
U    test/Driver/riscv-features.c
U    test/Driver/riscv-gnutools.c
A    test/CodeGen/builtin-constant-p.c
A    test/CodeGen/attr-speculative-load-hardening.cpp
U    lib/AST/ExprConstant.cpp
U    test/Driver/clang_f_opts.c
U    test/Driver/x86-march.c
U    test/Driver/riscv-arch.c
A    test/CodeGen/arc/struct-align.c
U    test/CodeGen/builtins-ppc-quadword.c
U    test/CodeGen/builtins-ppc-vsx.c
A    test/SemaCXX/attr-speculative-load-hardening.cpp
U    test/Analysis/plist-macros-with-expansion.cpp
U    test/Sema/conditional.c
U    lib/AST/Expr.cpp
U    lib/AST/Type.cpp
U    test/SemaTemplate/typename-specifier-3.cpp
U    test/Driver/riscv32-toolchain.c
U    test/Driver/riscv-abi.c
A    test/CodeGen/arc/arguments.c
U    test/CodeGen/ms-intrinsics-rotations.c
A    test/CodeGen/attr-speculative-load-hardening.m
U    test/SemaCXX/warn-pure-virtual-call-from-ctor-dtor.cpp
U    test/SemaCXX/compound-literal.cpp
A    test/Sema/aarch64-vpcs.c
U    lib/AST/ASTImporter.cpp
U    lib/AST/ItaniumMangle.cpp
U    test/Index/print-type.cpp
U    test/CodeGen/builtins-ppc-altivec.c
U    test/CodeGenOpenCL/pipe_builtin.cl
U    test/SemaCXX/constant-expression-cxx1y.cpp
U    test/Analysis/Inputs/expected-plists/plist-macros-with-expansion.cpp.plist
U    test/Sema/callingconv.c
A    test/CodeGenCXX/speculative-vtt.cpp
A    test/CodeGenCXX/builtin-constant-p.cpp
U    test/Misc/warning-flags.c
U    test/OpenMP/nvptx_teams_reduction_codegen.cpp
U    test/OpenMP/target_teams_distribute_parallel_for_loop_messages.cpp
U    test/OpenMP/target_teams_distribute_parallel_for_simd_loop_messages.cpp
U    test/OpenMP/teams_distribute_simd_loop_messages.cpp
U    test/OpenMP/distribute_parallel_for_simd_loop_messages.cpp
U    test/OpenMP/declare_target_codegen.cpp
U    test/OpenMP/teams_distribute_parallel_for_simd_loop_messages.cpp
U    test/Parser/DelayedTemplateParsing.cpp
U    test/OpenMP/target_teams_distribute_loop_messages.cpp
U    test/OpenMP/target_parallel_for_simd_loop_messages.cpp
U    test/OpenMP/parallel_for_ast_print.cpp
U    test/OpenMP/for_simd_loop_messages.cpp
U    test/OpenMP/taskloop_simd_loop_messages.cpp
U    test/OpenMP/for_loop_messages.cpp
U    test/OpenMP/teams_distribute_loop_messages.cpp
U    test/Misc/pragma-attribute-supported-attributes-list.test
U    test/OpenMP/nvptx_SPMD_codegen.cpp
U    test/OpenMP/nvptx_target_printf_codegen.c
U    test/OpenMP/parallel_for_loop_messages.cpp
U    test/OpenMP/target_teams_distribute_simd_loop_messages.cpp
U    test/OpenMP/teams_distribute_parallel_for_loop_messages.cpp
U    test/OpenMP/target_simd_loop_messages.cpp
U    test/OpenMP/parallel_for_simd_loop_messages.cpp
U    test/Driver/riscv64-toolchain.c
U    test/Driver/fuchsia.c
U    test/CodeGen/target-data.c
A    test/CodeGen/aarch64-vpcs.c
U    test/CodeGen/attr-speculative-load-hardening.c
A    test/CodeGenOpenCL/builtins.cl
A    test/SemaCXX/lambda-invalid-capture.cpp
A    test/Analysis/enum-cast-out-of-range.cpp
U    test/Preprocessor/predefined-arch-macros.c
U    test/Misc/target-invalid-cpu-note.c
U    test/OpenMP/taskloop_loop_messages.cpp
U    test/OpenMP/distribute_simd_loop_messages.cpp
U    test/OpenMP/nvptx_target_codegen.cpp
U    test/OpenMP/parallel_for_codegen.cpp
A    test/OpenMP/nvptx_target_teams_distribute_codegen.cpp
U    test/OpenMP/target_parallel_for_loop_messages.cpp
U    test/OpenMP/simd_loop_messages.cpp
D    include/clang/Sema/LoopHint.h
A    Driver
U    cmake/caches/Fuchsia-stage2.cmake
U    include/clang/Basic/Specifiers.h
U    include/clang/Parse/Parser.h
U    include/clang/Basic/Attr.td
U    include/clang/AST/ASTImporter.h
U    www/analyzer/alpha_checks.html
U    tools/libclang/CMakeLists.txt
U    tools/diagtool/TreeView.cpp
A    include/clang/Parse/LoopHint.h
U    include/clang/Basic/DiagnosticGroups.td
U    include/clang/AST/Decl.h
U    include/clang-c/Index.h
U    docs/UndefinedBehaviorSanitizer.rst
U    tools/libclang/CXType.cpp
U    unittests/Format/FormatTest.cpp
U    include/clang/Basic/AttrDocs.td
U    include/clang/AST/Expr.h
U    docs/LibASTMatchersReference.html
U    tools/libclang/CXCursor.cpp
U    tools/diagtool/ListWarnings.cpp
U    include/clang/Index/USRGeneration.h
U    include/clang/Basic/DiagnosticSemaKinds.td
U    include/clang/Basic/X86Target.def
U    include/clang/StaticAnalyzer/Checkers/Checkers.td
U    docs/AddressSanitizer.rst
U    tools/libclang/CIndex.cpp
U    unittests/AST/ASTImporterTest.cpp
Updated to revision 347796.


############### Mon Dec  3 16:13:38 EST 2018
Updating '.':
U    bindings/python/clang/cindex.py
U    utils/modfuzz.py
U    utils/analyzer/CmpRuns.py
U    utils/analyzer/SATestBuild.py
U    utils/ABITest/ABITestGen.py
U    utils/ABITest/Enumeration.py
U    utils/ABITest/TypeGen.py
U    utils/token-delta.py
U    tools/scan-view/share/ScanView.py
U    tools/scan-view/share/Reporter.py
U    unittests/Basic/FileManagerTest.cpp
U    lib/CodeGen/CoverageMappingGen.cpp
U    lib/CodeGen/CGExprConstant.cpp
U    lib/CodeGen/ObjectFilePCHContainerOperations.cpp
U    lib/CodeGen/BackendUtil.cpp
U    lib/CodeGen/CGExpr.cpp
U    lib/CodeGen/CodeGenAction.cpp
U    lib/CodeGen/CGOpenMPRuntimeNVPTX.cpp
U    lib/CodeGen/CGDebugInfo.h
U    lib/CodeGen/ConstantEmitter.h
U    lib/CodeGen/CodeGenModule.cpp
U    lib/CodeGen/CGDebugInfo.cpp
U    lib/Parse/ParseExprCXX.cpp
U    lib/Headers/CMakeLists.txt
U    lib/Serialization/ASTWriterStmt.cpp
U    lib/Frontend/CompilerInvocation.cpp
U    lib/Basic/Diagnostic.cpp
U    lib/Basic/Targets.cpp
U    lib/Sema/SemaDecl.cpp
U    lib/Sema/SemaType.cpp
U    lib/Sema/SemaExpr.cpp
U    lib/Sema/SemaCodeComplete.cpp
U    lib/Sema/SemaOverload.cpp
U    lib/Sema/CodeCompleteConsumer.cpp
U    lib/Sema/SemaDeclAttr.cpp
U    lib/AST/FormatStringParsing.h
U    lib/Serialization/ASTReaderStmt.cpp
U    lib/Frontend/InitHeaderSearch.cpp
U    lib/Basic/Targets/OSTargets.h
U    lib/Basic/FileManager.cpp
U    lib/Sema/SemaTemplateInstantiateDecl.cpp
U    lib/Sema/SemaAccess.cpp
U    lib/Sema/TreeTransform.h
U    lib/AST/ExternalASTMerger.cpp
U    lib/AST/Decl.cpp
U    lib/AST/ASTDumper.cpp
U    lib/Driver/ToolChains/Linux.cpp
U    lib/Driver/Driver.cpp
U    lib/StaticAnalyzer/Checkers/NullabilityChecker.cpp
U    lib/StaticAnalyzer/Checkers/DebugCheckers.cpp
U    lib/StaticAnalyzer/Checkers/RetainCountChecker/RetainCountDiagnostics.h
U    lib/AST/ASTContext.cpp
U    lib/AST/TypePrinter.cpp
U    lib/Driver/ToolChains/Darwin.cpp
A    lib/Driver/ToolChains/Hurd.h
U    lib/StaticAnalyzer/Checkers/MacOSKeychainAPIChecker.cpp
U    lib/StaticAnalyzer/Checkers/StreamChecker.cpp
U    lib/StaticAnalyzer/Checkers/RetainCountChecker/RetainCountChecker.h
U    lib/StaticAnalyzer/Core/CallEvent.cpp
U    lib/StaticAnalyzer/Core/SimpleSValBuilder.cpp
U    lib/StaticAnalyzer/Core/BugReporter.cpp
U    lib/StaticAnalyzer/Core/Environment.cpp
U    lib/AST/Expr.cpp
U    lib/AST/PrintfFormatString.cpp
U    lib/Driver/ToolChains/Clang.cpp
U    lib/Driver/ToolChains/Gnu.cpp
U    lib/StaticAnalyzer/Checkers/DynamicTypePropagation.cpp
U    lib/StaticAnalyzer/Checkers/MallocChecker.cpp
U    lib/StaticAnalyzer/Checkers/RetainCountChecker/RetainCountDiagnostics.cpp
U    lib/StaticAnalyzer/Core/ExprEngine.cpp
U    lib/StaticAnalyzer/Core/ExprEngineCallAndReturn.cpp
U    lib/StaticAnalyzer/Core/RangeConstraintManager.cpp
U    lib/StaticAnalyzer/Core/BugReporterVisitors.cpp
U    lib/AST/FormatString.cpp
U    lib/Driver/ToolChain.cpp
A    lib/Driver/ToolChains/Hurd.cpp
U    lib/Driver/CMakeLists.txt
D    test/Misc/ast-dump-c-attr.c
D    test/Misc/ast-dump-msp430-attr.c
D    test/Misc/ast-dump-decl.cpp
D    test/Misc/ast-print-record-decl.c
D    test/Misc/ast-print-out-of-line-func.cpp
D    test/Misc/ast-dump-attr.m
D    test/Misc/ast-dump-lookups.cpp
D    test/Misc/ast-print-char-literal.cpp
D    test/Misc/pragma-attribute-cxx-subject-match-rules.cpp
D    test/Misc/ast-print-attr.c
D    test/Misc/ast-dump-wchar.cpp
D    test/Misc/ast-dump-invalid.cpp
D    test/Misc/ast-dump-arm-attr.c
D    test/Misc/ast-dump-stmt.c
D    test/Misc/ast-dump-decl.mm
D    test/Misc/ast-dump-templates.cpp
D    test/Misc/ast-dump-stmt.m
D    test/Misc/ast-dump-comment.cpp
D    test/Misc/ast-print-bool.c
D    test/Misc/ast-dump-stmt.cpp
D    test/Misc/ast-print-enum-decl.c
D    test/Misc/ast-dump-decl.c
D    test/Misc/attr-print-emit.cpp
D    test/Misc/ast-dump-pipe.cl
D    test/Misc/ast-dump-attr.cpp
D    test/Misc/ast-print-objectivec.m
D    test/Misc/ast-dump-color.cpp
D    test/Misc/ast-dump-decl.m
D    test/Misc/ast-print-pragmas.cpp
D    test/Misc/ast-print-pragmas-xfail.cpp
D    test/Misc/pragma-attribute-objc-subject-match-rules.m
D    test/Misc/Inputs/module.modulemap
D    test/Parser/objc-default-ctor-init.mm
D    test/OpenMP/dump.cpp
D    test/CodeGen/builtin-constant-p.c
U    lib/StaticAnalyzer/Core/AnalysisManager.cpp
U    lib/StaticAnalyzer/Core/ExprEngineCXX.cpp
U    lib/StaticAnalyzer/Core/RegionStore.cpp
U    lib/StaticAnalyzer/Core/SValBuilder.cpp
U    lib/StaticAnalyzer/Frontend/AnalysisConsumer.cpp
U    lib/StaticAnalyzer/Frontend/ModelInjector.cpp
U    lib/StaticAnalyzer/Core/AnalyzerOptions.cpp
D    test/SemaCXX/template-implicit-vars.cpp
D    test/SemaCXX/coroutine-source-location-crash.cpp
D    test/SemaCXX/auto-pragma.cpp
D    test/SemaCXX/multistep-explicit-cast.cpp
D    test/SemaCXX/sourceranges.cpp
D    test/Frontend/float16.cpp
D    test/Frontend/fixed_point_to_string.c
D    test/Frontend/fixed_point.c
A    test/AST
A    test/AST/implicit-cast-dump.c
A    test/AST/ast-print-out-of-line-func.cpp
A    test/AST/ast-dump-decl.m
A    test/AST/ast-print-pragmas.cpp
A    test/AST/ast-print-pragmas-xfail.cpp
A    test/AST/ast-print-bool.c
A    test/AST/pragma-attribute-objc-subject-match-rules.m
A    test/AST/auto-pragma.cpp
A    test/AST/finally-msvc.m
A    test/AST/ast-dump-arm-attr.c
A    test/AST/ast-dump-c-attr.c
A    test/AST/attr-target-ast.c
A    test/AST/bool-type.m
A    test/AST/ast-dump-lookups.cpp
A    test/AST/ast-print-char-literal.cpp
A    test/AST/pragma-attribute-cxx-subject-match-rules.cpp
U    test/OpenMP/nvptx_target_parallel_proc_bind_codegen.cpp
U    test/OpenMP/nvptx_target_codegen.cpp
U    test/CodeGenObjC/debug-info-synthesis.m
U    test/CodeGenObjC/arc-linetable.m
U    test/CodeGen/attr-target-mv.c
A    test/CodeGen/Inputs/thinlto_backend_local_name_conflict1.ll
A    test/CodeCompletion/accessibility-crash.cpp
U    test/OpenMP/nvptx_teams_reduction_codegen.cpp
U    test/OpenMP/nvptx_target_parallel_codegen.cpp
U    test/OpenMP/nvptx_target_teams_distribute_parallel_for_codegen.cpp
A    test/CodeGenObjC/ubsan-check-debuglocs.m
A    test/CodeGen/debug-info-abspath.c
U    test/CodeGen/debug-prefix-map.c
A    test/CodeCompletion/accessibility.cpp
U    test/Misc/pragma-attribute-supported-attributes-list.test
U    test/OpenMP/nvptx_target_teams_distribute_parallel_for_simd_codegen.cpp
U    test/OpenMP/nvptx_target_parallel_reduction_codegen.cpp
U    test/CodeGenObjC/debug-property-synth.m
U    test/CodeGen/attr-cpuspecific.c
A    test/CodeGen/thinlto_backend_local_name_conflict.ll
U    test/CodeGen/debug-info-scope-file.c
U    lib/StaticAnalyzer/Checkers/CStringChecker.cpp
U    lib/StaticAnalyzer/Checkers/RetainCountChecker/RetainCountChecker.cpp
U    lib/StaticAnalyzer/Checkers/MPI-Checker/MPIChecker.cpp
U    lib/StaticAnalyzer/Core/PlistDiagnostics.cpp
U    lib/StaticAnalyzer/Core/HTMLDiagnostics.cpp
U    lib/StaticAnalyzer/Core/SymbolManager.cpp
U    lib/StaticAnalyzer/Core/RetainSummaryManager.cpp
U    CMakeLists.txt
U    test/OpenMP/nvptx_target_teams_distribute_parallel_for_generic_mode_codegen.cpp
U    test/OpenMP/nvptx_target_teams_codegen.cpp
U    test/CodeGenObjC/debuginfo-properties.m
U    test/CodeGenObjC/debug-info-category.m
A    test/CodeGen/builtin-constant-p.c
A    test/CodeGen/Inputs/thinlto_backend_local_name_conflict2.ll
A    test/AST/ast-dump-stmt.m
A    test/AST/ast-print-attr.c
A    test/AST/ast-dump-wchar.cpp
A    test/AST/template-implicit-vars.cpp
A    test/AST/multistep-explicit-cast.cpp
A    test/AST/ast-dump-decl.cpp
A    test/AST/sourceranges.cpp
A    test/AST/ast-dump-pipe.cl
A    test/AST/foreachtemplatized.mm
A    test/AST/ast-print-record-decl.c
A    test/AST/builtins-arm-strex-rettype.c
A    test/AST/dump.cpp
A    test/AST/ast-print-objectivec.m
A    test/AST/ast-dump-color.cpp
A    test/AST/variadic-promotion.c
A    test/AST/fixed_point.c
A    test/AST/coroutine-source-location-crash.cpp
A    test/AST/ast-dump-attr.m
A    test/AST/float16.cpp
A    test/AST/ast-dump-invalid.cpp
A    test/AST/ast-dump-stmt.cpp
A    test/AST/ast-dump-decl.mm
A    test/AST/ast-dump-msp430-attr.c
A    test/AST/ast-dump-templates.cpp
A    test/AST/category-attribute.m
A    test/AST/ast-print-enum-decl.c
A    test/AST/rdr6094103-unordered-compare-promote.c
A    test/AST/ast-dump-comment.cpp
A    test/AST/objc-default-ctor-init.mm
A    test/AST/c-casts.c
A    test/AST/multistep-explicit-cast.c
A    test/AST/ast-dump-decl.c
A    test/AST/attr-print-emit.cpp
A    test/AST/fixed_point_to_string.c
A    test/AST/Inputs
A    test/AST/Inputs/std-coroutine.h
A    test/AST/Inputs/module.modulemap
A    test/AST/property-atomic-bool.m
A    test/AST/ast-dump-attr.cpp
A    test/Driver/Inputs/basic_hurd_tree
A    test/Driver/Inputs/basic_hurd_tree/usr
A    test/Driver/Inputs/basic_hurd_tree/usr/include
A    test/Driver/Inputs/basic_hurd_tree/usr/include/i386-gnu
A    test/Driver/Inputs/basic_hurd_tree/usr/include/i386-gnu/.keep
A    test/Driver/Inputs/basic_hurd_tree/usr/lib
A    test/Driver/Inputs/basic_hurd_tree/usr/lib/i386-gnu
A    test/Driver/Inputs/basic_hurd_tree/usr/lib/i386-gnu/.keep
A    test/Driver/Inputs/basic_hurd_tree/usr/lib32
A    test/Driver/Inputs/basic_hurd_tree/usr/lib32/.keep
A    test/Driver/Inputs/basic_hurd_tree/lib32
A    test/Driver/Inputs/basic_hurd_tree/lib32/.keep
A    test/Driver/Inputs/basic_hurd_tree/include
A    test/Driver/Inputs/basic_hurd_tree/include/.keep
A    test/Driver/Inputs/basic_hurd_tree/lib
A    test/Driver/Inputs/basic_hurd_tree/lib/i386-gnu
A    test/Driver/Inputs/basic_hurd_tree/lib/i386-gnu/.keep
D    test/Analysis/analyzer-config.cpp
D    test/SemaObjC/bool-type.m
D    test/SemaObjC/foreachtemplatized.mm
D    test/SemaObjC/finally-msvc.m
D    test/SemaObjC/category-attribute.m
D    test/SemaObjC/property-atomic-bool.m
D    test/Sema/variadic-promotion.c
D    test/Sema/implicit-cast-dump.c
D    test/Sema/c-casts.c
D    test/Sema/builtins-arm-strex-rettype.c
D    test/Sema/attr-target-ast.c
D    test/Sema/multistep-explicit-cast.c
D    test/Sema/rdr6094103-unordered-compare-promote.c
A    test/Modules/module-debuginfo-prefix.m
A    test/AST/ast-dump-stmt.c
U    test/SemaCXX/constant-expression-cxx1y.cpp
A    test/AST/ast-dump-array.cpp
A    test/CodeGenOpenCL/printf.cl
A    test/AST/ast-dump-records.c
U    test/CodeGenOpenCLCXX/template-address-spaces.cl
A    test/Driver/aarch64-ssbs.c
A    test/SemaOpenCLCXX/address-space-templates.cl
U    test/Analysis/osobject-retain-release.cpp
U    test/Analysis/Inputs/expected-plists/retain-release-path-notes.m.plist
U    test/Analysis/pr22954.c
A    test/Analysis/invalid-analyzer-config-value.c
U    test/Analysis/simple-stream-checks.c
U    test/Sema/attr-target-mv.c
A    test/AST/ast-dump-decl-stmts.cpp
A    test/AST/ast-dump-records.cpp
U    test/Driver/darwin-ld.c
A    test/CoverageMapping/default-method.cpp
U    test/Analysis/MisusedMovedObject.cpp
U    test/Analysis/Inputs/expected-plists/plist-macros-with-expansion.cpp.plist
U    test/Analysis/undef-call.c
U    test/Analysis/analyzer-config.c
A    test/Analysis/retain-release-cpp-classes.cpp
U    test/Analysis/plist-macros-with-expansion.cpp
D    test/CodeGenCXX/builtin-constant-p.cpp
A    test/CodeGenCXX/builtin-constant-p.cpp
U    test/SemaOpenCL/printf-format-strings.cl
U    test/Driver/android-aarch64-link.cpp
U    test/Analysis/nullability.mm
U    test/Analysis/retain-release-path-notes.m
U    test/Analysis/dump_egraph.c
U    test/Analysis/retaincountchecker-compoundregion.m
U    test/Analysis/self-assign.cpp
A    test/Analysis/nullability-arc.mm
U    test/Sema/attr-cpuspecific.c
A    test/AST/ast-dump-funcs.cpp
A    test/Driver/hurd.c
U    test/Analysis/unions.cpp
A    test/Analysis/loop-block-counts.c
U    test/Analysis/Inputs/expected-plists/objc-arc.m.plist
U    test/Analysis/objc-radar17039661.m
U    test/Analysis/svalbuilder-rearrange-comparisons.c
U    test/Analysis/keychainAPI.m
A    test/Sema/attr-osobject.mm
A    test/SemaOpenCL/format-strings-fixit.cl
U    test/CodeGenCXX/globalinit-loc.cpp
U    test/CodeGenCXX/debug-info-inlined.cpp
U    test/CodeGenCXX/debug-info-thunk.cpp
U    test/CodeGenCXX/debug-info-static-fns.cpp
A    test/Sema/attr-osobject.cpp
U    test/CodeGenCXX/PR20038.cpp
A    test/CodeGenCXX/ubsan-check-debuglocs.cpp
U    test/CodeGenCXX/dbg-info-all-calls-described.cpp
U    test/CodeGenCXX/debug-info-blocks.cpp
U    test/CodeGenCXX/debug-info-global-ctor-dtor.cpp
U    include/clang/Driver/ToolChain.h
U    test/CodeGenCXX/debug-info-namespace.cpp
U    test/CodeGenCXX/debug-lambda-expressions.cpp
U    test/CodeGenCXX/debug-info-function-context.cpp
U    test/CodeGenCXX/debug-info-cxx1y.cpp
U    test/CodeGenCXX/debug-info-thunk-msabi.cpp
U    test/CodeGenCXX/debug-info-ms-abi.cpp
U    include/clang/Driver/CC1Options.td
U    include/clang/StaticAnalyzer/Core/AnalyzerOptions.h
U    include/clang/Basic/DiagnosticDriverKinds.td
U    include/clang/Basic/Attr.td
U    include/clang/AST/FormatString.h
U    include/clang/StaticAnalyzer/Core/PathSensitive/SMTConstraintManager.h
U    include/clang/Basic/AttrDocs.td
U    include/clang/Basic/Diagnostic.h
U    include/clang/AST/ExprCXX.h
U    test/CodeGenCXX/debug-info-access.cpp
U    test/CodeGenCXX/debug-info-decl-nested.cpp
U    test/CodeGenCXX/linetable-fnbegin.cpp
U    test/CodeGenCXX/debug-info.cpp
A    test/CodeGenCXX/debug-prefix-map-lambda.cpp
U    include/clang/StaticAnalyzer/Core/PathSensitive/SymbolManager.h
U    include/clang/StaticAnalyzer/Core/AnalyzerOptions.def
U    include/clang/Basic/FileManager.h
U    include/clang/Sema/Sema.h
U    include/clang/AST/Expr.h
U    include/clang/StaticAnalyzer/Core/PathSensitive/Store.h
U    include/clang/StaticAnalyzer/Core/RetainSummaryManager.h
U    include/clang/Basic/Builtins.def
U    include/clang/AST/Stmt.h
U    include/clang/AST/CommentVisitor.h
U    CODE_OWNERS.TXT
U    include/clang/AST/PrettyPrinter.h
U    docs/tools/dump_format_style.py
Updated to revision 348190.


############### Mon Dec  3 17:18:12 EST 2018
Updating '.':
At revision 348197.


############### Tue Dec  4 09:37:19 EST 2018
Updating '.':
D    docs/PTHInternals.rst
D    lib/Lex/PTHLexer.cpp
D    lib/StaticAnalyzer/Checkers/MisusedMovedObjectChecker.cpp
D    lib/Frontend/CacheTokens.cpp
D    test/Preprocessor/include-pth.c
U    lib/Frontend/CompilerInstance.cpp
U    lib/Frontend/CompilerInvocation.cpp
U    lib/StaticAnalyzer/Core/ExprEngine.cpp
U    lib/CodeGen/CodeGenTypes.h
U    lib/Serialization/ASTReader.cpp
U    lib/ARCMigrate/ARCMT.cpp
U    lib/Frontend/CMakeLists.txt
U    lib/Frontend/ChainedIncludesSource.cpp
U    test/CodeGenCXX/float128-declarations.cpp
U    docs/InternalsManual.rst
U    docs/ReleaseNotes.rst
U    utils/TableGen/ClangAttrEmitter.cpp
U    .gitignore
U    NOTES.txt
U    lib/Sema/SemaExprCXX.cpp
U    lib/Sema/SemaDecl.cpp
U    lib/Sema/SemaTemplate.cpp
U    lib/AST/DeclCXX.cpp
U    lib/AST/NestedNameSpecifier.cpp
U    lib/AST/Stmt.cpp
U    lib/AST/DeclBase.cpp
U    lib/Lex/PPLexerChange.cpp
U    lib/Lex/Preprocessor.cpp
U    lib/Lex/PPMacroExpansion.cpp
U    lib/Lex/CMakeLists.txt
U    lib/Lex/PPDirectives.cpp
U    lib/Lex/Pragma.cpp
U    lib/Driver/ToolChains/Clang.cpp
U    lib/Driver/Driver.cpp
A    lib/StaticAnalyzer/Checkers/MoveChecker.cpp
U    lib/StaticAnalyzer/Checkers/CMakeLists.txt
U    lib/StaticAnalyzer/Checkers/IteratorChecker.cpp
U    lib/StaticAnalyzer/Core/MemRegion.cpp
U    lib/StaticAnalyzer/Core/ExplodedGraph.cpp
U    lib/StaticAnalyzer/Core/ProgramState.cpp
U    lib/FrontendTool/ExecuteCompilerInvocation.cpp
U    lib/Serialization/ASTWriter.cpp
U    lib/Frontend/InitPreprocessor.cpp
U    lib/Frontend/FrontendActions.cpp
U    lib/Basic/Targets/OSTargets.h
D    test/PCH/pth.c
D    test/PCH/emit-pth.c
D    test/Driver/pth.c
D    test/Analysis/MisusedMovedObject.cpp
D    include/clang/Lex/PTHManager.h
D    include/clang/Lex/PTHLexer.h
U    test/Misc/pragma-attribute-supported-attributes-list.test
U    test/Modules/module-debuginfo-prefix.m
U    test/CodeGen/debug-prefix-map.c
U    test/CodeGen/builtins-hexagon.c
U    test/SemaCXX/struct-class-redecl.cpp
U    test/Analysis/dump_egraph.cpp
U    include/clang/Frontend/FrontendOptions.h
U    include/clang/Basic/LangOptions.def
U    include/clang/Lex/Preprocessor.h
U    test/AST/ast-dump-array.cpp
U    include/clang/Frontend/Utils.h
U    include/clang/Basic/DiagnosticLexKinds.td
U    include/clang/AST/DeclCXX.h
U    include/clang/Driver/CC1Options.td
A    test/SemaCXX/static-assert-cxx17.cpp
U    test/Analysis/iterator-range.cpp
U    include/clang/Basic/DiagnosticSemaKinds.td
U    include/clang/AST/NestedNameSpecifier.h
U    include/clang/Driver/Driver.h
U    include/clang/StaticAnalyzer/Core/PathSensitive/MemRegion.h
U    test/SemaCXX/static-assert.cpp
A    test/Analysis/use-after-move.cpp
U    include/clang/Frontend/FrontendActions.h
U    include/clang/Basic/DiagnosticFrontendKinds.td
U    include/clang/Lex/PreprocessorOptions.h
U    include/clang/StaticAnalyzer/Checkers/Checkers.td
U    include/clang/Driver/Options.td
Updated to revision 348266.


############### Tue Dec  4 09:38:06 EST 2018
Updating '.':
At revision 348266.
