############### Tue Nov 20 22:18:23 EST 2018
Updating '.':
At revision 347376.


############### Wed Nov 28 14:51:06 EST 2018
Updating '.':
D    test/clangd/Inputs/sstream.h
A    test/clangd/Inputs/background-index
D    test/include-fixer/yamldb_plugin.cpp
A    test/clang-tidy/cppcoreguidelines-narrowing-conversions-unsigned-char.cpp
U    test/clang-tidy/readability-container-size-empty.cpp
U    test/clang-tidy/cppcoreguidelines-narrowing-conversions.cpp
U    test/clang-tidy/cert-static-object-exception.cpp
U    docs/clang-tidy/checks/cppcoreguidelines-narrowing-conversions.rst
A    unittests/clangd/SymbolInfoTests.cpp
U    unittests/clangd/SyncAPI.cpp
U    unittests/clangd/ClangdTests.cpp
U    unittests/clangd/Matchers.h
U    unittests/clangd/TestFS.h
U    unittests/clangd/CodeCompleteTests.cpp
U    unittests/clangd/FileIndexTests.cpp
U    unittests/clangd/IndexTests.cpp
U    unittests/clangd/DexTests.cpp
U    unittests/clangd/GlobalCompilationDatabaseTests.cpp
U    unittests/clangd/TestFS.cpp
U    unittests/clangd/TUSchedulerTests.cpp
U    unittests/clangd/XRefsTests.cpp
U    unittests/clangd/SyncAPI.h
U    unittests/clangd/ClangdUnitTests.cpp
U    unittests/clangd/FindSymbolsTests.cpp
U    unittests/clangd/URITests.cpp
U    unittests/clangd/TestTU.cpp
U    unittests/clangd/BackgroundIndexTests.cpp
U    unittests/clangd/CMakeLists.txt
U    unittests/clangd/SymbolCollectorTests.cpp
U    unittests/clangd/SerializationTests.cpp
A    unittests/clangd/ExpectedTypeTest.cpp
U    test/clangd/protocol.test
A    test/clangd/Inputs/background-index/compile_commands.json
A    test/clangd/Inputs/background-index/definition.jsonrpc
A    test/clangd/Inputs/symbols.test.yaml
U    test/clangd/symbols.test
U    test/clang-tidy/basic.cpp
U    test/clang-tidy/modernize-make-unique.cpp
A    test/clang-tidy/export-relpath.cpp
A    test/clang-tidy/cppcoreguidelines-narrowing-conversions-long-is-32bits.cpp
U    test/CMakeLists.txt
A    test/clangd/Inputs/background-index/foo.cpp
A    test/clangd/Inputs/background-index/foo.h
A    test/clangd/background-index.test
A    test/clangd/symbol-info.test
A    test/clang-tidy/cppcoreguidelines-narrowing-conversions-pedanticmode-option.cpp
U    test/clang-tidy/modernize-use-using.cpp
A    test/clang-tidy/cppcoreguidelines-narrowing-conversions-narrowingfloatingpoint-option.cpp
U    test/clang-tidy/readability-implicit-bool-conversion.cpp
U    change-namespace/ChangeNamespace.cpp
U    clangd/Diagnostics.cpp
U    clangd/FindSymbols.h
U    clangd/URI.h
U    clangd/SourceCode.cpp
U    clangd/tool/ClangdMain.cpp
U    clangd/GlobalCompilationDatabase.cpp
U    clangd/Threading.cpp
A    clangd/ExpectedTypes.h
U    clangd/CodeComplete.cpp
U    clangd/FindSymbols.cpp
U    clangd/Cancellation.cpp
U    clangd/ClangdLSPServer.h
U    clangd/index/SymbolCollector.h
A    clangd/index/SymbolID.h
U    clangd/index/dex/Dex.h
U    clangd/index/Index.h
U    clangd/Quality.cpp
U    docs/ReleaseNotes.rst
U    clangd/ClangdServer.h
U    clangd/SourceCode.h
U    clangd/ClangdServer.cpp
U    clangd/CMakeLists.txt
U    clangd/Protocol.cpp
U    clangd/index/Background.cpp
U    clangd/index/Background.h
U    clangd/index/dex/Dex.cpp
U    clangd/index/Index.cpp
U    clangd/AST.cpp
U    docs/clang-tidy/checks/readability-implicit-bool-conversion.rst
U    clangd/Headers.h
U    clangd/ClangdLSPServer.cpp
U    clangd/Protocol.h
U    clangd/AST.h
U    clangd/URI.cpp
U    clangd/index/Serialization.cpp
U    clangd/index/Serialization.h
U    clangd/index/dex/dexp/Dexp.cpp
U    clangd/index/FileIndex.cpp
U    clangd/index/SymbolCollector.cpp
U    clangd/XRefs.h
U    clangd/clients/clangd-vscode/package.json
U    clangd/GlobalCompilationDatabase.h
U    clang-tidy/modernize/ReplaceAutoPtrCheck.cpp
U    clang-tidy/modernize/MakeSmartPtrCheck.cpp
U    clang-tidy/zircon/TemporaryObjectsCheck.cpp
U    clang-tidy/cppcoreguidelines/NarrowingConversionsCheck.h
U    clang-tidy/bugprone/UseAfterMoveCheck.cpp
U    clang-tidy/fuchsia/TrailingReturnCheck.cpp
U    clangd/Cancellation.h
A    clangd/ExpectedTypes.cpp
U    clangd/benchmarks/IndexBenchmark.cpp
U    clang-tidy/modernize/UseUncaughtExceptionsCheck.cpp
U    clang-tidy/modernize/LoopConvertCheck.cpp
U    clang-tidy/cppcoreguidelines/OwningMemoryCheck.cpp
U    clang-tidy/google/OverloadedUnaryAndCheck.cpp
U    clang-tidy/bugprone/SuspiciousEnumUsageCheck.cpp
U    clang-tidy/readability/UppercaseLiteralSuffixCheck.cpp
U    clangd/TUScheduler.h
U    clangd/clients/clangd-vscode/src/extension.ts
U    clangd/XRefs.cpp
U    clang-tidy/misc/NonPrivateMemberVariablesInClassesCheck.cpp
U    clang-tidy/modernize/UseAutoCheck.cpp
U    clang-tidy/portability/SIMDIntrinsicsCheck.cpp
U    clang-tidy/cppcoreguidelines/InterfacesGlobalInitCheck.cpp
U    clang-tidy/bugprone/MisplacedOperatorInStrlenInAllocCheck.cpp
U    clang-tidy/fuchsia/StaticallyConstructedObjectsCheck.cpp
A    clangd/index/SymbolID.cpp
U    clangd/index/BackgroundIndexStorage.cpp
U    clangd/index/YAMLSerialization.cpp
U    clangd/index/FileIndex.h
U    clangd/FileDistance.cpp
U    clangd/Threading.h
U    clangd/TUScheduler.cpp
U    clangd/Quality.h
U    clang-tidy/readability/IsolateDeclarationCheck.cpp
U    clang-tidy/performance/MoveConstructorInitCheck.cpp
U    clang-tidy/hicpp/MultiwayPathsCoveredCheck.cpp
U    clang-tidy/readability/ImplicitBoolConversionCheck.cpp
U    clang-tidy/performance/UnnecessaryValueParamCheck.cpp
U    clang-tidy/hicpp/SignedBitwiseCheck.cpp
U    clang-tidy/readability/SimplifyBooleanExprCheck.cpp
U    clang-tidy/cert/PostfixOperatorCheck.cpp
U    clang-tidy/hicpp/ExceptionBaseclassCheck.cpp
U    clang-tidy/modernize/UseUsingCheck.cpp
U    clang-tidy/modernize/UseEqualsDefaultCheck.cpp
U    clang-tidy/cppcoreguidelines/NarrowingConversionsCheck.cpp
U    clang-tidy/bugprone/ExceptionEscapeCheck.cpp
U    clang-tidy/bugprone/BoolPointerImplicitConversionCheck.cpp
U    clang-tidy/readability/ContainerSizeEmptyCheck.cpp
U    clang-tidy/cert/StaticObjectExceptionCheck.cpp
U    clang-tidy/performance/UnnecessaryCopyInitialization.cpp
U    clang-tidy/tool/ClangTidyMain.cpp
Updated to revision 347796.


############### Mon Dec  3 16:13:38 EST 2018
Updating '.':
A    test/clang-tidy/abseil-duration-comparison.cpp
A    clang-tidy/abseil/DurationComparisonCheck.h
U    unittests/clangd/CMakeLists.txt
U    unittests/clangd/QualityTests.cpp
U    test/clangd/Inputs/requests.json
U    test/clang-tidy/cert-static-object-exception.cpp
U    clangd/indexer/IndexerMain.cpp
U    clangd/index/Background.cpp
U    clangd/index/SymbolCollector.h
U    clangd/index/IndexAction.cpp
U    clangd/index/IndexAction.h
U    clangd/index/SymbolCollector.cpp
U    clangd/Quality.cpp
U    clangd/CodeComplete.cpp
U    clangd/clients/clangd-vscode/package.json
U    clangd/clients/clangd-vscode/src/extension.ts
U    clangd/FSProvider.h
U    clangd/CMakeLists.txt
U    clangd/Quality.h
U    clangd/Headers.h
A    clangd/FSProvider.cpp
U    docs/clang-tidy/checks/list.rst
U    docs/clang-tidy/checks/cppcoreguidelines-narrowing-conversions.rst
A    docs/clang-tidy/checks/abseil-duration-comparison.rst
U    docs/ReleaseNotes.rst
U    clang-tidy/abseil/CMakeLists.txt
U    clang-tidy/abseil/AbseilTidyModule.cpp
U    clang-tidy/abseil/DurationFactoryFloatCheck.cpp
A    clang-tidy/abseil/DurationRewriter.cpp
A    clang-tidy/abseil/DurationRewriter.h
A    clang-tidy/abseil/DurationComparisonCheck.cpp
U    clang-tidy/abseil/DurationFactoryScaleCheck.cpp
U    unittests/clangd/CodeCompleteTests.cpp
A    unittests/clangd/IndexActionTests.cpp
U    test/clang-tidy/export-relpath.cpp
Updated to revision 348190.


############### Mon Dec  3 17:18:12 EST 2018
Updating '.':
At revision 348197.


############### Tue Dec  4 09:37:19 EST 2018
Updating '.':
U    docs/clang-tidy/checks/readability-uppercase-literal-suffix.rst
U    clangd/index/Background.cpp
U    clangd/Headers.h
U    unittests/clangd/BackgroundIndexTests.cpp
Updated to revision 348266.


############### Tue Dec  4 09:38:06 EST 2018
Updating '.':
At revision 348266.
