############### Tue Nov 20 22:18:23 EST 2018
Updating '.':
At revision 347376.


############### Wed Nov 28 14:50:51 EST 2018
Updating '.':
U    src/demangle/ItaniumDemangle.h
Updated to revision 347796.


############### Mon Dec  3 16:13:38 EST 2018
Updating '.':
U    src/stdlib_exception.cpp
Updated to revision 348190.


############### Mon Dec  3 17:18:12 EST 2018
Updating '.':
At revision 348197.


############### Tue Dec  4 09:37:19 EST 2018
Updating '.':
At revision 348266.


############### Tue Dec  4 09:38:06 EST 2018
Updating '.':
At revision 348266.
