############### Tue Nov 20 22:18:23 EST 2018
Updating '.':
At revision 347376.


############### Wed Nov 28 14:51:31 EST 2018
Updating '.':
U    include/lld/Common/Threads.h
U    ELF/SymbolTable.h
A    test/ELF/aarch64-combined-dynrel-ifunc.s
U    test/ELF/arm-thunk-nosuitable.s
A    test/ELF/arm-combined-dynrel-ifunc.s
A    test/ELF/aarch64-cortex-a53-843419-tlsrelax.s
U    include/lld/Common/LLVM.h
U    ELF/Relocations.cpp
U    ELF/InputSection.cpp
U    wasm/Symbols.h
U    wasm/WriterUtils.h
U    wasm/SymbolTable.cpp
U    wasm/OutputSections.h
U    wasm/InputChunks.h
U    wasm/SymbolTable.h
U    wasm/InputGlobal.h
U    wasm/InputFiles.h
U    wasm/Driver.cpp
U    COFF/ICF.cpp
U    COFF/PDB.cpp
U    COFF/Writer.cpp
A    test/COFF/gfids-export.s
U    test/COFF/rsds.test
A    test/COFF/header-size.s
A    test/ELF/x86-64-retpoline-znow-static-iplt.s
A    test/ELF/x86-64-combined-dynrel.s
A    test/ELF/Inputs/bad-reloc-target.test
U    test/ELF/emulation-mips.s
U    test/ELF/arm-thunk-section-too-large.s
U    test/ELF/ppc64-split-stack-adjust-size-success.s
A    test/ELF/bad-reloc-target.test
U    test/ELF/image-base.s
U    test/ELF/push-state.s
A    test/ELF/aarch64-combined-dynrel.s
A    test/ELF/aarch64-gnu-ifunc2.s
U    test/ELF/dt_flags.s
U    test/ELF/defsym.s
A    test/ELF/mergeable-errors.s
U    docs/ld.lld.1
U    ELF/SyntheticSections.cpp
U    ELF/Symbols.cpp
U    ELF/ScriptParser.cpp
U    ELF/SymbolTable.cpp
U    ELF/Writer.cpp
U    ELF/SyntheticSections.h
U    ELF/Symbols.h
U    ELF/Driver.cpp
U    ELF/ICF.cpp
U    ELF/InputSection.h
U    ELF/AArch64ErrataFix.cpp
U    ELF/Arch/X86_64.cpp
U    ELF/Relocations.h
U    ELF/Target.h
U    ELF/Config.h
Updated to revision 347796.


############### Mon Dec  3 16:13:38 EST 2018
Updating '.':
U    ELF/DWARF.h
U    ELF/SyntheticSections.cpp
U    ELF/InputSection.cpp
U    ELF/DWARF.cpp
U    ELF/Writer.cpp
U    wasm/Driver.cpp
U    COFF/Chunks.cpp
U    COFF/PDB.cpp
U    COFF/DLL.cpp
U    test/COFF/export.test
U    test/COFF/pdb-linker-module.test
U    test/ELF/gdb-index-multiple-cu.s
A    test/ELF/global-offset-table-position-redef-err.s
U    test/ELF/linkerscript/output-too-large.s
A    test/ELF/gdb-index-rng-lists.s
U    test/wasm/shared.ll
U    docs/README.txt
U    docs/WebAssembly.rst
Updated to revision 348190.


############### Mon Dec  3 17:18:12 EST 2018
Updating '.':
At revision 348197.


############### Tue Dec  4 09:37:19 EST 2018
Updating '.':
U    ELF/Arch/PPC64.cpp
U    ELF/Arch/PPC.cpp
U    ELF/LinkerScript.cpp
U    wasm/Writer.cpp
U    test/ELF/linkerscript/discard-section-err.s
U    test/ELF/ppc-relocs.s
U    test/ELF/ppc64-relocs.s
U    test/wasm/shared.ll
U    test/wasm/import-table.test
Updated to revision 348266.


############### Tue Dec  4 09:38:06 EST 2018
Updating '.':
At revision 348266.
