############### Tue Nov 20 22:18:23 EST 2018
Updating '.':
At revision 347376.


############### Wed Nov 28 14:50:07 EST 2018
Updating '.':
D    utils/gn/build/enable_threads.gni
A    utils/gn/build/libs
A    utils/gn/build/libs/xml
A    utils/gn/build/libs/zlib
A    utils/gn/build/libs/terminfo
A    utils/gn/build/libs/pthread
A    utils/gn/build/libs/pthread/enable.gni
A    utils/gn/secondary/llvm/tools
A    utils/gn/secondary/llvm/tools/llvm-undname
A    utils/gn/secondary/llvm/utils
A    utils/gn/secondary/llvm/utils/TableGen
A    utils/gn/secondary/llvm/include
A    utils/gn/secondary/llvm/include/llvm
A    utils/gn/secondary/llvm/include/llvm/Config
A    utils/gn/secondary/llvm/lib/Target
A    utils/gn/secondary/llvm/lib/Support
A    utils/gn/secondary/llvm/lib/MC
A    utils/gn/secondary/llvm/lib/TableGen
A    utils/gn/secondary/llvm/lib/DebugInfo
A    utils/gn/secondary/llvm/lib/DebugInfo/CodeView
A    utils/gn/secondary/llvm/lib/DebugInfo/MSF
U    utils/lit/lit/TestingConfig.py
U    utils/gn/build/BUILD.gn
A    utils/gn/build/write_cmake_config.py
A    utils/gn/build/libs/xml/BUILD.gn
A    utils/gn/build/libs/xml/enable.gni
A    utils/gn/build/libs/zlib/BUILD.gn
A    utils/gn/build/libs/zlib/enable.gni
A    utils/gn/build/libs/terminfo/BUILD.gn
A    utils/gn/build/libs/terminfo/enable.gni
A    utils/gn/build/libs/pthread/BUILD.gn
U    utils/gn/build/toolchain/BUILD.gn
U    utils/gn/README.rst
A    utils/gn/secondary/llvm/triples.gni
A    utils/gn/secondary/llvm/tools/llvm-undname/BUILD.gn
A    utils/gn/secondary/llvm/utils/TableGen/BUILD.gn
A    utils/gn/secondary/llvm/version.gni
A    utils/gn/secondary/llvm/include/llvm/Config/BUILD.gn
A    utils/gn/secondary/llvm/lib/Target/targets.gni
A    utils/gn/secondary/llvm/lib/Support/BUILD.gn
A    utils/gn/secondary/llvm/lib/MC/BUILD.gn
A    utils/gn/secondary/llvm/lib/TableGen/BUILD.gn
A    utils/gn/secondary/llvm/lib/DebugInfo/CodeView/BUILD.gn
A    utils/gn/secondary/llvm/lib/DebugInfo/MSF/BUILD.gn
U    utils/gn/secondary/BUILD.gn
U    utils/TableGen/CodeGenInstruction.h
U    utils/TableGen/CodeGenInstruction.cpp
U    utils/TableGen/InstrInfoEmitter.cpp
U    utils/sanitizers/ubsan_blacklist.txt
U    tools/llvm-size/llvm-size.cpp
U    tools/llvm-mca/Views/RetireControlUnitStatistics.h
U    tools/llvm-mca/include/InstrBuilder.h
U    tools/llvm-mca/lib/Pipeline.cpp
D    unittests/Demangle/FindTypesInMangledNameTest.cpp
U    tools/llvm-mca/Views/RetireControlUnitStatistics.cpp
U    tools/llvm-mca/include/Pipeline.h
U    tools/llvm-mca/lib/Instruction.cpp
U    tools/llvm-mca/lib/HardwareUnits/LSUnit.cpp
U    utils/TableGen/SubtargetEmitter.cpp
U    utils/TableGen/PredicateExpander.cpp
U    utils/git-svn/git-llvm
U    tools/yaml2obj/yaml2coff.cpp
U    tools/sanstats/sanstats.cpp
U    tools/llvm-mca/include/Instruction.h
U    tools/llvm-mca/include/HardwareUnits/LSUnit.h
U    tools/llvm-mca/lib/InstrBuilder.cpp
U    tools/llvm-objcopy/StripOpts.td
U    unittests/IR/MetadataTest.cpp
U    lib/AsmParser/LLParser.h
U    lib/Transforms/Scalar/Scalar.cpp
U    lib/Transforms/Scalar/LoopSimplifyCFG.cpp
U    lib/Transforms/InstCombine/InstructionCombining.cpp
U    lib/Transforms/Utils/FunctionImportUtils.cpp
U    tools/llvm-mca/llvm-mca.cpp
U    unittests/CodeGen/GlobalISel/LegalizerHelperTest.cpp
U    unittests/Support/TargetParserTest.cpp
U    lib/AsmParser/LLLexer.cpp
U    lib/Transforms/Scalar/Scalarizer.cpp
U    lib/Transforms/InstCombine/InstCombineCalls.cpp
U    lib/Transforms/Utils/SimplifyCFG.cpp
U    tools/llvm-mca/lib/HardwareUnits/RegisterFile.cpp
U    tools/llvm-objcopy/ObjcopyOpts.td
U    unittests/Support/DynamicLibrary/CMakeLists.txt
U    lib/AsmParser/LLParser.cpp
U    lib/Transforms/Scalar/SCCP.cpp
U    lib/Transforms/IPO/MergeFunctions.cpp
U    lib/Transforms/Vectorize/SLPVectorizer.cpp
U    lib/MC/MCParser/AsmParser.cpp
U    lib/IR/Verifier.cpp
U    lib/Support/Host.cpp
U    lib/Passes/PassBuilder.cpp
U    lib/IR/Instructions.cpp
U    lib/Support/Unix/Path.inc
U    lib/Passes/PassRegistry.def
U    lib/DebugInfo/PDB/Native/DbiModuleDescriptorBuilder.cpp
U    lib/Demangle/ItaniumDemangle.cpp
A    lib/Support/ARMTargetParser.cpp
U    lib/Support/CMakeLists.txt
U    lib/TableGen/TGLexer.h
U    lib/Analysis/CMakeLists.txt
U    lib/Target/Hexagon/HexagonSubtarget.cpp
U    lib/Target/Mips/MCTargetDesc/MipsFixupKinds.h
U    lib/Target/AMDGPU/AMDGPUTargetMachine.cpp
U    tools/llvm-objcopy/CopyConfig.cpp
U    unittests/Demangle/CMakeLists.txt
U    lib/AsmParser/LLToken.h
U    lib/TableGen/TGLexer.cpp
A    lib/Support/AArch64TargetParser.cpp
U    lib/TableGen/TGParser.h
U    lib/Analysis/DemandedBits.cpp
U    lib/Target/Hexagon/HexagonInstrInfo.h
U    lib/Target/Mips/MCTargetDesc/MipsAsmBackend.cpp
U    lib/Target/Mips/MipsAsmPrinter.cpp
U    lib/Target/AMDGPU/SIISelLowering.cpp
U    lib/Target/SystemZ/SystemZAsmPrinter.cpp
A    lib/Target/PowerPC/MCTargetDesc/PPCMCCodeEmitter.h
U    lib/Target/ARM/ARMParallelDSP.cpp
U    lib/Target/Lanai/LanaiInstrInfo.h
U    lib/Transforms/Scalar/LICM.cpp
U    lib/Transforms/IPO/PartialInlining.cpp
U    lib/Transforms/InstCombine/InstCombineSimplifyDemanded.cpp
U    lib/Transforms/Utils/CallPromotionUtils.cpp
U    lib/MC/MCObjectStreamer.cpp
U    lib/IR/AsmWriter.cpp
U    lib/Support/TargetParser.cpp
U    lib/TableGen/Main.cpp
A    lib/Analysis/StackSafetyAnalysis.cpp
U    lib/Analysis/Analysis.cpp
U    lib/Target/Hexagon/HexagonInstrInfo.cpp
U    lib/Target/Mips/MCTargetDesc/MipsELFObjectWriter.cpp
U    lib/Target/AMDGPU/SIRegisterInfo.cpp
U    lib/Target/AMDGPU/SIInstrInfo.h
U    lib/Target/PowerPC/PPCAsmPrinter.cpp
U    lib/Target/ARM/ARMRegisterBankInfo.cpp
U    lib/Target/ARM/AsmParser/LLVMBuild.txt
U    lib/Target/AMDGPU/SIInstrInfo.cpp
U    lib/Target/SystemZ/SystemZTargetTransformInfo.cpp
U    lib/Target/ARM/ARMLegalizerInfo.cpp
U    lib/Target/ARM/AsmParser/ARMAsmParser.cpp
U    lib/Analysis/ValueTracking.cpp
U    lib/Analysis/LazyValueInfo.cpp
U    lib/Target/Nios2/LLVMBuild.txt
U    lib/Target/Mips/MipsAsmPrinter.h
U    lib/Target/AMDGPU/SIMachineScheduler.cpp
U    lib/Target/SystemZ/SystemZTargetTransformInfo.h
U    lib/Target/PowerPC/MCTargetDesc/PPCMCCodeEmitter.cpp
U    lib/Target/ARM/ARMFrameLowering.cpp
U    lib/Target/Lanai/LanaiInstrInfo.cpp
D    lib/CodeGen/MachinePassRegistry.cpp
A    lib/Target/X86/X86InsertPrefetch.cpp
U    lib/Target/X86/X86TargetMachine.cpp
U    lib/Target/X86/MCTargetDesc/X86MCTargetDesc.h
U    lib/Target/X86/X86AsmPrinter.cpp
U    lib/Target/RISCV/AsmParser/RISCVAsmParser.cpp
U    lib/Target/RISCV/MCTargetDesc/RISCVTargetStreamer.cpp
U    lib/Target/AArch64/AArch64InstrInfo.h
U    lib/Target/AArch64/AArch64Schedule.td
U    lib/Target/X86/X86InstrInfo.cpp
U    lib/Target/X86/MCTargetDesc/X86MCTargetDesc.cpp
U    lib/Target/X86/X86ISelLowering.cpp
U    lib/Target/X86/X86ISelLowering.h
U    lib/Target/RISCV/MCTargetDesc/RISCVELFStreamer.h
A    lib/Target/AArch64/AArch64SchedPredicates.td
U    lib/Target/AArch64/AArch64InstrInfo.cpp
U    lib/Target/X86/X86FrameLowering.cpp
U    lib/Target/X86/X86.td
U    lib/Target/X86/LLVMBuild.txt
U    lib/Target/X86/X86TargetTransformInfo.cpp
U    lib/Target/RISCV/MCTargetDesc/RISCVELFStreamer.cpp
U    lib/Target/AArch64/AArch64StorePairSuppress.cpp
U    lib/Target/AArch64/AArch64Subtarget.cpp
U    lib/Target/AArch64/AArch64ISelLowering.cpp
U    lib/Target/X86/CMakeLists.txt
U    lib/Target/X86/X86.h
U    lib/Target/X86/X86InstrInfo.h
A    lib/Target/X86/X86DiscriminateMemOps.cpp
U    lib/Target/RISCV/MCTargetDesc/RISCVTargetStreamer.h
U    lib/Target/AArch64/AArch64.td
U    lib/Target/AArch64/AArch64AsmPrinter.cpp
U    lib/Target/AArch64/AArch64InstrInfo.td
U    lib/Target/AArch64/MCTargetDesc/AArch64MCTargetDesc.h
U    lib/CodeGen/ImplicitNullChecks.cpp
U    lib/CodeGen/AsmPrinter/DIE.cpp
U    lib/Target/AArch64/MCTargetDesc/AArch64MCTargetDesc.cpp
U    lib/LTO/LTO.cpp
U    lib/CodeGen/AsmPrinter/CodeViewDebug.cpp
U    lib/CodeGen/MachinePipeliner.cpp
U    lib/ObjectYAML/ELFYAML.cpp
U    lib/CodeGen/CMakeLists.txt
U    lib/CodeGen/MachineSink.cpp
U    lib/CodeGen/TargetLoweringObjectFileImpl.cpp
U    lib/CodeGen/SelectionDAG/DAGCombiner.cpp
U    CREDITS.TXT
A    test/TableGen/prep-region-include.inc
A    test/TableGen/ConstraintChecking6.td
A    test/TableGen/ConstraintChecking1.td
U    lib/CodeGen/SelectionDAG/SelectionDAG.cpp
U    lib/CodeGen/MachineScheduler.cpp
A    test/TableGen/prep-diag7.td
A    test/TableGen/unterminated-c-comment.td
A    test/TableGen/prep-diag5.td
A    test/TableGen/prep-diag8.td
A    test/TableGen/prep-diag3.td
A    test/Analysis/StackSafetyAnalysis
A    test/Analysis/StackSafetyAnalysis/Inputs
U    lib/LTO/ThinLTOCodeGenerator.cpp
U    lib/CodeGen/AsmPrinter/AsmPrinter.cpp
U    lib/CodeGen/PrologEpilogInserter.cpp
U    lib/CodeGen/SelectionDAG/LegalizeVectorTypes.cpp
U    lib/CodeGen/GlobalISel/LegalizerHelper.cpp
A    test/TableGen/ConstraintChecking3.td
A    test/TableGen/prep-diag2.td
A    test/TableGen/prep-diag12-include.inc
A    test/TableGen/unterminated-c-comment-include.inc
A    test/TableGen/unterminated-code-block.td
A    test/TableGen/prep-diag10.td
A    test/TableGen/prep-diag9.td
A    test/TableGen/prep-diag4.td
U    lib/CodeGen/SelectionDAG/TargetLowering.cpp
U    lib/CodeGen/SelectionDAG/SelectionDAGAddressAnalysis.cpp
U    CMakeLists.txt
A    test/TableGen/prep-diag11.td
A    test/TableGen/prep-diag14.td
A    test/TableGen/ConstraintChecking.inc
A    test/TableGen/prep-diag12.td
A    test/TableGen/prep-diag6.td
A    test/TableGen/prep-diag11-include.inc
A    test/TableGen/prep-diag13.td
U    test/Analysis/CostModel/X86/reduce-add.ll
U    test/Analysis/CostModel/X86/reduce-and.ll
U    test/Analysis/CostModel/X86/reduce-smax.ll
U    test/Analysis/CostModel/X86/reduce-umax.ll
U    test/Analysis/CostModel/X86/reduce-or.ll
U    test/Analysis/CostModel/X86/reduction.ll
U    test/Analysis/CostModel/X86/reduce-mul.ll
U    test/Analysis/CostModel/X86/reduce-smin.ll
U    test/Analysis/CostModel/X86/reduce-xor.ll
U    test/Analysis/CostModel/X86/reduce-umin.ll
U    test/Analysis/CostModel/AArch64/vector-reduce.ll
A    test/TableGen/ConstraintChecking4.td
A    test/TableGen/ConstraintChecking7.td
A    test/TableGen/prep-diag1.td
A    test/TableGen/ConstraintChecking5.td
U    test/Analysis/LazyValueAnalysis/lvi-after-jumpthreading.ll
A    test/Analysis/StackSafetyAnalysis/memintrin.ll
A    test/Analysis/CostModel/X86/reduce-smin-widen.ll
A    test/Analysis/StackSafetyAnalysis/ipa-alias.ll
A    test/Analysis/StackSafetyAnalysis/local.ll
A    test/TableGen/ConstraintChecking2.td
A    test/TableGen/prep-region-processing.td
A    test/TableGen/unterminated-code-block-include.inc
A    test/Analysis/StackSafetyAnalysis/Inputs/ipa-alias.ll
A    test/Analysis/StackSafetyAnalysis/ipa.ll
A    test/Analysis/StackSafetyAnalysis/Inputs/ipa.ll
A    test/Analysis/StackSafetyAnalysis/scev-udiv.ll
A    test/Analysis/CostModel/X86/reduce-xor-widen.ll
U    test/Analysis/CostModel/X86/testshiftashr.ll
A    test/Analysis/CostModel/X86/uitofp-widen.ll
A    test/Analysis/CostModel/X86/reduce-umax-widen.ll
A    test/Analysis/CostModel/X86/testshiftashr-widen.ll
A    test/Analysis/CostModel/SystemZ/cmp-mem.ll
A    test/Analysis/CostModel/X86/reduce-umin-widen.ll
A    test/Analysis/CostModel/X86/extend.ll
A    test/Analysis/CostModel/X86/reduce-add-widen.ll
A    test/Analysis/CostModel/X86/fptoui-widen.ll
A    test/Analysis/CostModel/X86/reduce-smax-widen.ll
U    test/Analysis/CostModel/X86/trunc.ll
U    test/Analysis/CostModel/SystemZ/memop-folding-int-arith.ll
A    test/Analysis/CostModel/X86/cast-widen.ll
A    test/Analysis/CostModel/X86/sitofp-widen.ll
A    test/Analysis/CostModel/X86/masked-intrinsic-cost-widen.ll
A    test/Analysis/CostModel/X86/reduce-or-widen.ll
A    test/Analysis/CostModel/SystemZ/intrinsics.ll
U    test/CodeGen/AMDGPU/stack-slot-color-sgpr-vgpr-spills.mir
U    test/CodeGen/ARM/pr36577.ll
U    test/CodeGen/ARM/GlobalISel/arm-select-globals-ropi-rwpi.mir
U    test/CodeGen/ARM/vcvt.ll
U    test/CodeGen/ARM/ldrd.ll
U    test/CodeGen/AMDGPU/spill-empty-live-interval.mir
U    test/CodeGen/AMDGPU/indirect-addressing-si-noopt.ll
U    test/CodeGen/ARM/CGP/arm-cgp-phis-ret.ll
U    test/CodeGen/ARM/GlobalISel/arm-instruction-select-combos.mir
U    test/CodeGen/AMDGPU/byval-frame-setup.ll
U    test/CodeGen/AMDGPU/dagcombine-setcc-select.ll
U    test/CodeGen/ARM/smlad0.ll
U    test/CodeGen/ARM/GlobalISel/arm-regbankselect.mir
U    test/CodeGen/ARM/smml.ll
D    test/CodeGen/X86/2009-03-07-FPConstSelect.ll
U    test/CodeGen/NVPTX/f16x2-instructions.ll
U    test/CodeGen/PowerPC/vec_conv_fp64_to_i8_elts.ll
U    test/CodeGen/PowerPC/setcc-to-sub.ll
U    test/CodeGen/PowerPC/testComparesigeuc.ll
U    test/CodeGen/ARM/vector-DAGCombine.ll
U    test/CodeGen/PowerPC/testComparesllgeus.ll
U    test/CodeGen/PowerPC/testComparesigesll.ll
U    test/CodeGen/PowerPC/testComparesileuc.ll
A    test/Analysis/CostModel/X86/reduce-mul-widen.ll
A    test/Analysis/CostModel/X86/min-legal-vector-width.ll
A    test/Analysis/CostModel/X86/fptosi-widen.ll
A    test/Analysis/CostModel/X86/reduce-and-widen.ll
A    test/Analysis/CostModel/X86/testshiftshl-widen.ll
A    test/Analysis/CostModel/X86/testshiftlshr-widen.ll
U    test/Analysis/DemandedBits/intrinsics.ll
U    test/CodeGen/AMDGPU/sgpr-spill-wrong-stack-id.mir
U    test/CodeGen/ARM/float-helpers.s
A    test/CodeGen/ARM/GlobalISel/arm-legalize-bitcounts.mir
U    test/CodeGen/ARM/smlald0.ll
U    test/CodeGen/ARM/tls-models.ll
U    test/CodeGen/PowerPC/testComparesllleus.ll
U    test/CodeGen/PowerPC/testComparesigeus.ll
U    test/CodeGen/PowerPC/testComparesllgeuc.ll
U    test/CodeGen/PowerPC/testComparesllleui.ll
U    test/CodeGen/PowerPC/memCmpUsedInZeroEqualityComparison.ll
U    test/CodeGen/X86/vec_fp_to_int-widen.ll
U    test/CodeGen/PowerPC/testComparesigeui.ll
A    test/CodeGen/X86/insert-prefetch-invalid-instr.afdo
U    test/CodeGen/X86/avx512er-intrinsics.ll
U    test/CodeGen/ARM/smlald2.ll
U    test/CodeGen/ARM/softfp-fabs-fneg.ll
U    test/CodeGen/PowerPC/testComparesileus.ll
U    test/CodeGen/PowerPC/testComparesllleuc.ll
U    test/CodeGen/PowerPC/vec_conv_fp64_to_i16_elts.ll
U    test/CodeGen/PowerPC/testComparesileui.ll
U    test/CodeGen/X86/min-legal-vector-width.ll
A    test/CodeGen/X86/select-of-fp-constants.ll
U    test/CodeGen/PowerPC/testComparesllgeui.ll
A    test/CodeGen/X86/insert-prefetch.afdo
A    test/CodeGen/X86/vector-shift-shl-sub128.ll
A    test/CodeGen/X86/vector-shift-shl-sub128-widen.ll
A    test/CodeGen/X86/insert-prefetch-invalid-instr.ll
A    test/CodeGen/X86/vector-shift-ashr-sub128.ll
U    test/CodeGen/X86/bitcast-setcc-256.ll
U    test/CodeGen/X86/avx512-intrinsics.ll
U    test/CodeGen/X86/combine-sdiv.ll
U    test/CodeGen/X86/avg.ll
U    test/CodeGen/X86/urem-i8-constant.ll
A    test/CodeGen/X86/vector-shift-lshr-sub128-widen.ll
A    test/CodeGen/X86/vector-shift-ashr-sub128-widen.ll
A    test/CodeGen/X86/discriminate-mem-ops.ll
U    test/CodeGen/X86/O3-pipeline.ll
U    test/CodeGen/X86/bt.ll
U    test/CodeGen/X86/vec_fp_to_int.ll
U    test/CodeGen/X86/avx512-memfold.ll
U    test/CodeGen/X86/shift-folding.ll
U    test/CodeGen/X86/mingw-comdats.ll
U    test/CodeGen/X86/legalize-shl-vec.ll
U    test/CodeGen/X86/avx512-trunc-widen.ll
A    test/CodeGen/X86/insert-prefetch-inline.ll
A    test/CodeGen/X86/segmented-stacks-standalone.ll
A    test/CodeGen/X86/insert-prefetch-other.afdo
U    test/CodeGen/X86/vec_cast2.ll
A    test/CodeGen/X86/insert-prefetch.ll
U    test/CodeGen/X86/mul-constant-i8.ll
U    test/CodeGen/X86/bitcast-setcc-512.ll
A    test/CodeGen/X86/vector-shift-lshr-sub128.ll
U    test/CodeGen/X86/avx512-trunc.ll
U    test/CodeGen/X86/load-scalar-as-vector.ll
U    test/CodeGen/X86/scheduler-backtracking.ll
A    test/CodeGen/X86/consecutive-load-shuffle.ll
U    test/CodeGen/X86/combine-srem.ll
U    test/CodeGen/X86/avx512-cmp.ll
A    test/CodeGen/X86/insert-prefetch-inline.afdo
U    test/CodeGen/X86/avx512dq-intrinsics.ll
U    test/CodeGen/X86/O0-pipeline.ll
U    test/CodeGen/X86/cpus-intel.ll
U    test/CodeGen/X86/xor.ll
U    test/CodeGen/X86/not-and-simplify.ll
U    test/CodeGen/X86/pr32588.ll
U    test/CodeGen/X86/statepoint-stackmap-format.ll
U    test/CodeGen/X86/bitcast-setcc-128.ll
U    test/CodeGen/X86/avx512-schedule.ll
U    test/Transforms/SLPVectorizer/X86/remark_horcost.ll
D    test/MC/Mips/reloc-directive-negative.s
U    test/CodeGen/X86/ipra-reg-alias.ll
A    test/CodeGen/AArch64/cluster-frame-index.mir
U    test/CodeGen/AArch64/arm64-convert-v4f64.ll
U    test/CodeGen/AArch64/xor.ll
U    test/CodeGen/AArch64/arm64-build-vector.ll
U    test/Assembler/thinlto-summary.ll
U    test/CodeGen/X86/vector-shuffle-combining-avx2.ll
U    test/CodeGen/AArch64/vcvt-oversize.ll
U    test/Bitcode/thinlto-function-summary-refgraph.ll
U    test/CodeGen/X86/vselect-zero.ll
U    test/CodeGen/AArch64/arm64-memset-inline.ll
U    test/Bitcode/thinlto-function-summary-callgraph-relbf.ll
A    test/Transforms/LoopSimplifyCFG/phi_with_duplicating_inputs.ll
A    test/Transforms/SimplifyCFG/pr39807.ll
U    test/Transforms/Scalarizer/vector-gep.ll
U    test/Transforms/Scalarizer/intrinsics.ll
U    test/Transforms/InstCombine/fsh.ll
U    test/Transforms/SLPVectorizer/X86/horizontal-minmax.ll
A    test/Transforms/LICM/hoist-phi.ll
U    test/MC/Mips/reloc-directive-bad.s
U    test/Transforms/LoopVectorize/invariant-store-vectorization.ll
A    test/Transforms/CodeExtractor/PartialInlineEntryPHICost.ll
U    test/Transforms/Scalarizer/phi-bug.ll
U    test/Transforms/Scalarizer/dbgloc-bug.ll
U    test/Transforms/Scalarizer/dbginfo.ll
U    test/Transforms/CorrelatedValuePropagation/icmp.ll
A    test/Transforms/SLPVectorizer/X86/PR39774.ll
A    test/MC/Mips/reloc-directive-label-offset.s
U    test/Transforms/LoopSimplifyCFG/constant-fold-branch.ll
U    test/Transforms/Scalarizer/crash-bug.ll
U    test/Transforms/Scalarizer/basic.ll
U    test/Transforms/Scalarizer/store-bug.ll
A    test/Transforms/MergeFunc/alias.ll
U    test/Transforms/SLPVectorizer/X86/reduction_unrolled.ll
A    test/MC/Mips/reloc-directive-bad-obj.s
A    test/tools/llvm-mca/AArch64/Cyclone
U    test/tools/sanstats/elf.test
U    test/tools/llvm-mca/X86/BtVer2/rcu-statistics.s
U    test/tools/llvm-mca/X86/option-all-views-2.s
A    test/MC/RISCV/option-pushpop.s
A    test/tools/llvm-mca/ARM/vld1-index-update.s
U    test/tools/llvm-mca/X86/option-all-stats-1.s
U    test/MC/RISCV/option-invalid.s
A    test/tools/llvm-mca/ARM/memcpy-ldm-stm.s
U    test/tools/llvm-mca/X86/option-all-views-1.s
A    test/Transforms/LoopSimplifyCFG/lcssa.ll
A    test/Transforms/Util/call-promotion-utils-ptrcast-attribute.ll
U    test/Transforms/Scalarizer/cache-bug.ll
U    test/Transforms/Scalarizer/order-bug.ll
A    test/Transforms/InstCombine/saturating-add-sub.ll
A    test/Transforms/SCCP/ipsccp-ssa-copy-nested-conds.ll
U    test/MC/Mips/reloc-directive.s
U    test/tools/llvm-mca/ARM/unsupported-write-variant.s
A    test/tools/llvm-mca/X86/BtVer2/partial-reg-update-7.s
U    test/tools/llvm-mca/X86/BdVer2/rcu-statistics.s
U    test/tools/llvm-objcopy/objcopy-version.test
U    include/llvm/LinkAllPasses.h
A    include/llvm/Transforms/Scalar/Scalarizer.h
U    include/llvm/CodeGen/BasicTTIImpl.h
U    test/tools/llvm-mca/X86/BdVer2/store-throughput.s
U    test/tools/llvm-objcopy/strip-version.test
U    cmake/config-ix.cmake
U    include/llvm/Transforms/Scalar.h
U    include/llvm/CodeGen/TargetLowering.h
U    test/tools/llvm-mca/X86/BdVer2/load-throughput.s
A    test/tools/llvm-mca/AArch64/CortexA57/shifted-register.s
U    cmake/modules/AddLLVM.cmake
U    include/llvm/LTO/LTO.h
U    include/llvm/CodeGen/SelectionDAGNodes.h
U    include/llvm/CodeGen/TargetInstrInfo.h
U    test/tools/llvm-mca/X86/option-all-stats-2.s
A    test/tools/llvm-mca/AArch64/Cyclone/register-offset.s
A    test/tools/yaml2obj/coff-arm64.yaml
U    include/llvm/LTO/Config.h
U    include/llvm/MC/MCObjectStreamer.h
U    include/llvm/CodeGen/GCMetadataPrinter.h
U    include/llvm/CodeGen/SelectionDAG.h
U    include/llvm/IR/InstrTypes.h
U    include/llvm/Demangle/ItaniumDemangle.h
U    include/llvm/DebugInfo/PDB/Native/DbiModuleDescriptorBuilder.h
A    include/llvm/Support/ARMTargetParser.h
U    include/llvm/CodeGen/AsmPrinter.h
U    include/llvm/IR/CallSite.h
U    include/llvm/Demangle/Demangle.h
U    include/llvm/Target/TargetSchedule.td
U    include/llvm/module.modulemap
U    include/llvm/IR/Instructions.h
A    include/llvm/module.install.modulemap
A    include/llvm/Analysis/StackSafetyAnalysis.h
U    include/llvm/Object/ELFObjectFile.h
U    include/llvm/Support/X86TargetParser.def
U    docs/index.rst
U    include/llvm/InitializePasses.h
A    include/llvm/module.extern.modulemap
U    include/llvm/Analysis/IteratedDominanceFrontier.h
U    include/llvm/Config/config.h.cmake
U    include/llvm/Support/TargetParser.h
U    include/llvm/Support/Chrono.h
U    docs/TableGen/LangRef.rst
A    include/llvm/Support/AArch64TargetParser.h
U    docs/CommandGuide/llvm-mca.rst
U    include/llvm/Support/FileSystem.h
A    docs/StackSafetyAnalysis.rst
U    docs/Passes.rst
U    docs/LangRef.rst
Updated to revision 347796.


############### Mon Dec  3 16:13:38 EST 2018
Updating '.':
A    utils/gn/secondary/llvm/include/llvm/IR
A    utils/gn/secondary/llvm/include/llvm/Support
A    utils/gn/secondary/llvm/lib/Object
A    utils/gn/secondary/llvm/lib/Bitcode
A    utils/gn/secondary/llvm/lib/Bitcode/Reader
A    utils/gn/secondary/llvm/lib/IR
A    utils/gn/secondary/llvm/lib/ProfileData
A    utils/gn/secondary/llvm/lib/BinaryFormat
A    utils/gn/secondary/llvm/lib/MC/MCParser
A    utils/gn/secondary/llvm/lib/Analysis
U    utils/TableGen/DAGISelMatcher.cpp
U    tools/llvm-mca/Views/SchedulerStatistics.cpp
U    tools/llvm-mca/include/HardwareUnits/Scheduler.h
U    utils/TableGen/CodeGenInstruction.h
U    utils/TableGen/InstrDocsEmitter.cpp
U    utils/git-svn/git-llvm
U    utils/lit/lit/llvm/config.py
A    utils/gn/build/sync_source_lists_from_cmake.py
UU   utils/gn/build/write_cmake_config.py
A    utils/gn/build/write_vcsrevision.py
A    utils/gn/build/run_tablegen.py
U    utils/gn/README.rst
U    utils/gn/secondary/BUILD.gn
A    utils/gn/secondary/llvm/utils/TableGen/tablegen.gni
A    utils/gn/secondary/llvm/include/llvm/IR/BUILD.gn
A    utils/gn/secondary/llvm/include/llvm/Support/BUILD.gn
A    utils/gn/secondary/llvm/lib/Object/BUILD.gn
A    utils/gn/secondary/llvm/lib/Bitcode/Reader/BUILD.gn
A    utils/gn/secondary/llvm/lib/IR/BUILD.gn
A    utils/gn/secondary/llvm/lib/ProfileData/BUILD.gn
U    utils/gn/secondary/llvm/lib/Support/BUILD.gn
A    utils/gn/secondary/llvm/lib/BinaryFormat/BUILD.gn
A    utils/gn/secondary/llvm/lib/MC/MCParser/BUILD.gn
A    utils/gn/secondary/llvm/lib/Analysis/BUILD.gn
A    unittests/TextAPI
U    utils/TableGen/CodeGenInstruction.cpp
U    utils/TableGen/PredicateExpander.cpp
U    utils/TableGen/InstrInfoEmitter.cpp
U    tools/llvm-lto/llvm-lto.cpp
U    tools/llvm-mca/include/HardwareUnits/LSUnit.h
U    tools/llvm-mca/lib/HardwareUnits/LSUnit.cpp
U    utils/TableGen/CodeGenDAGPatterns.cpp
U    utils/TableGen/DAGISelMatcherEmitter.cpp
U    utils/TableGen/CodeGenSchedule.h
U    utils/TableGen/DAGISelMatcherGen.cpp
U    utils/TableGen/CodeGenDAGPatterns.h
U    utils/TableGen/GlobalISelEmitter.cpp
U    utils/TableGen/SubtargetEmitter.cpp
U    utils/TableGen/FastISelEmitter.cpp
U    utils/TableGen/DAGISelMatcher.h
U    utils/TableGen/CodeGenRegisters.cpp
U    utils/TableGen/CodeGenSchedule.cpp
U    tools/llvm-mca/Views/SchedulerStatistics.h
U    tools/llvm-mca/include/HardwareUnits/ResourceManager.h
U    tools/llvm-mca/lib/HardwareUnits/Scheduler.cpp
U    tools/llvm-mca/llvm-mca.cpp
U    tools/llvm-objcopy/ObjcopyOpts.td
U    tools/llvm-objcopy/ELF/ELFObjcopy.cpp
U    tools/llvm-rc/ResourceFileWriter.cpp
U    tools/llvm-rc/ResourceScriptParser.cpp
U    tools/obj2yaml/coff2yaml.cpp
U    unittests/CMakeLists.txt
U    tools/llvm-mca/lib/Context.cpp
U    tools/llvm-objcopy/CopyConfig.cpp
U    tools/llvm-objcopy/ELF/Object.h
U    tools/llvm-rc/ResourceVisitor.h
U    tools/llvm-rc/ResourceFileWriter.h
U    tools/llvm-rc/ResourceScriptParser.h
U    unittests/Support/TargetParserTest.cpp
U    tools/llvm-mca/lib/HardwareUnits/ResourceManager.cpp
U    tools/dsymutil/MachODebugMapParser.cpp
U    tools/llvm-objcopy/CopyConfig.h
U    tools/llvm-readobj/ELFDumper.cpp
U    tools/llvm-rc/ResourceScriptStmt.cpp
U    tools/llvm-rc/ResourceScriptStmt.h
U    unittests/ADT/TripleTest.cpp
A    unittests/TextAPI/ELFYAMLTest.cpp
U    lib/Bitcode/Writer/BitcodeWriter.cpp
U    lib/AsmParser/LLToken.h
U    lib/Transforms/InstCombine/InstCombineCompares.cpp
U    lib/Transforms/InstCombine/InstCombineCalls.cpp
A    lib/TextAPI
A    lib/TextAPI/ELF
A    lib/TextAPI/MachO
U    unittests/Analysis/ValueTrackingTest.cpp
U    lib/CMakeLists.txt
U    lib/BinaryFormat/Magic.cpp
U    lib/Transforms/InstCombine/InstCombineSelect.cpp
U    lib/Transforms/Utils/PromoteMemoryToRegister.cpp
U    lib/Transforms/Scalar/LoopStrengthReduce.cpp
U    lib/MC/MCObjectFileInfo.cpp
U    lib/DebugInfo/PDB/Native/SymbolCache.cpp
A    unittests/TextAPI/CMakeLists.txt
U    lib/Bitcode/Reader/MetadataLoader.cpp
U    lib/AsmParser/LLParser.cpp
U    lib/Transforms/InstCombine/InstructionCombining.cpp
U    lib/Transforms/Vectorize/SLPVectorizer.cpp
U    lib/Transforms/Scalar/LoopSimplifyCFG.cpp
U    lib/Transforms/Scalar/CorrelatedValuePropagation.cpp
U    lib/DebugInfo/DWARF/DWARFDebugRnglists.cpp
U    lib/LLVMBuild.txt
U    lib/AsmParser/LLLexer.cpp
U    lib/Transforms/IPO/FunctionImport.cpp
U    lib/Transforms/InstCombine/InstCombineAndOrXor.cpp
D    lib/Target/X86/X86DiscriminateMemOps.cpp
D    lib/Target/X86/X86InsertPrefetch.cpp
A    lib/Target/X86/X86InsertPrefetch.cpp
U    lib/IR/Verifier.cpp
U    lib/Support/Triple.cpp
A    lib/TextAPI/CMakeLists.txt
U    lib/Analysis/CaptureTracking.cpp
U    lib/IR/DebugInfoMetadata.cpp
U    lib/IR/Attributes.cpp
A    lib/TextAPI/LLVMBuild.txt
U    lib/Analysis/LegacyDivergenceAnalysis.cpp
U    lib/Transforms/Instrumentation/MemorySanitizer.cpp
U    lib/Transforms/Scalar/LICM.cpp
U    lib/MC/MCInstrDesc.cpp
U    lib/IR/DiagnosticInfo.cpp
U    lib/IR/AsmWriter.cpp
A    lib/TextAPI/ELF/ELFStub.cpp
U    lib/Analysis/CallGraphSCCPass.cpp
U    lib/Analysis/IVDescriptors.cpp
U    lib/Target/RISCV/RISCVISelLowering.h
U    lib/Target/RISCV/RISCVInstrInfoC.td
U    lib/Target/AArch64/AArch64.td
U    lib/Analysis/DivergenceAnalysis.cpp
A    lib/Target/X86/X86DiscriminateMemOps.cpp
U    lib/Target/RISCV/RISCVISelDAGToDAG.cpp
U    lib/Target/RISCV/RISCVInstrInfoA.td
U    lib/Target/AArch64/AArch64ISelLowering.cpp
U    lib/Target/AArch64/AArch64InstrInfo.cpp
U    lib/Target/AArch64/AArch64TargetMachine.cpp
U    lib/Target/Hexagon/HexagonInstrFormatsV5.td
U    lib/Analysis/ModuleSummaryAnalysis.cpp
U    lib/Analysis/CmpInstAnalysis.cpp
U    lib/Target/X86/X86ScheduleBdVer2.td
U    lib/Target/RISCV/RISCVInstrInfo.td
U    lib/Target/AArch64/AArch64InstrInfo.td
U    lib/Target/AArch64/AsmParser/AArch64AsmParser.cpp
U    lib/Target/AArch64/AArch64SystemOperands.td
U    lib/Target/Hexagon/HexagonDepITypes.td
U    lib/Target/Hexagon/HexagonDepIICHVX.td
U    lib/Transforms/Utils/SimplifyCFG.cpp
U    lib/Transforms/Scalar/CallSiteSplitting.cpp
U    lib/MC/MCInst.cpp
U    lib/DebugInfo/PDB/Native/TpiStream.cpp
U    lib/IR/Constants.cpp
A    lib/TextAPI/ELF/TBEHandler.cpp
U    lib/Analysis/ValueTracking.cpp
U    lib/Analysis/InstructionSimplify.cpp
U    lib/Analysis/ScalarEvolutionExpander.cpp
U    lib/Target/X86/X86ISelLowering.cpp
U    lib/Target/RISCV/RISCVExpandPseudoInsts.cpp
U    lib/Target/RISCV/RISCVISelLowering.cpp
U    lib/Target/AArch64/AArch64FrameLowering.cpp
U    lib/Target/AArch64/AArch64Subtarget.h
U    lib/Target/Hexagon/HexagonDepArch.td
U    lib/Target/Hexagon/HexagonDepTimingClasses.h
U    lib/Target/Hexagon/HexagonDepInstrInfo.td
U    lib/Target/Hexagon/HexagonDepArch.h
U    lib/Target/Hexagon/MCTargetDesc/HexagonBaseInfo.h
U    lib/Target/AMDGPU/VOP2Instructions.td
U    lib/Target/AMDGPU/SOPInstructions.td
U    lib/Target/AArch64/AArch64InstrFormats.td
U    lib/Target/Hexagon/HexagonInstrFormats.td
U    lib/Target/Hexagon/HexagonDepIICScalar.td
U    lib/Target/Hexagon/HexagonDepMappings.td
U    lib/Target/WebAssembly/AsmParser/WebAssemblyAsmParser.cpp
U    lib/Target/AMDGPU/VOP1Instructions.td
U    lib/Target/Hexagon/HexagonPseudo.td
U    lib/Target/WebAssembly/WebAssemblyISelLowering.cpp
U    lib/Target/AMDGPU/AsmParser/AMDGPUAsmParser.cpp
A    lib/Target/AMDGPU/GCNDPPCombine.cpp
U    lib/Target/AMDGPU/SIFixupVectorISel.cpp
U    lib/Target/AMDGPU/SIInstrInfo.td
U    lib/Target/AMDGPU/SIPeepholeSDWA.cpp
U    lib/Target/AMDGPU/AMDGPU.td
U    lib/Target/Hexagon/HexagonDepITypes.h
U    lib/Target/Hexagon/HexagonDepOperands.td
U    lib/Target/AMDGPU/SIInstrInfo.h
U    lib/Target/AMDGPU/SIInsertWaitcnts.cpp
U    lib/Target/AMDGPU/VOPInstructions.td
U    lib/Target/AMDGPU/CMakeLists.txt
U    lib/Target/AMDGPU/Utils/AMDGPUBaseInfo.h
U    lib/Target/SystemZ/SystemZTargetTransformInfo.cpp
U    lib/Target/ARM/ARMInstrThumb.td
U    lib/Target/ARM/ARMInstrThumb2.td
U    lib/Target/AMDGPU/SIISelLowering.cpp
U    lib/Target/AMDGPU/Utils/AMDGPUBaseInfo.cpp
U    lib/Target/AMDGPU/SIInstrInfo.cpp
U    lib/Target/ARM/MCTargetDesc/ARMMachObjectWriter.cpp
U    lib/Target/ARM/ARMISelDAGToDAG.cpp
U    lib/Target/PowerPC/PPCISelLowering.cpp
U    lib/CodeGen/CodeGenPrepare.cpp
U    lib/CodeGen/SelectionDAG/LegalizeVectorOps.cpp
U    lib/CodeGen/SelectionDAG/SelectionDAG.cpp
U    lib/Target/ARM/AsmParser/ARMAsmParser.cpp
U    lib/Target/ARM/ARMISelLowering.cpp
U    lib/Target/PowerPC/PPCISelLowering.h
U    lib/LTO/ThinLTOCodeGenerator.cpp
U    lib/CodeGen/SelectionDAG/StatepointLowering.cpp
U    lib/CodeGen/SelectionDAG/LegalizeIntegerTypes.cpp
U    lib/Target/AMDGPU/AMDGPUTargetMachine.cpp
U    lib/Target/AMDGPU/AMDGPU.h
U    lib/Target/AMDGPU/SIISelLowering.h
U    lib/Target/AMDGPU/AMDGPUInstructions.td
U    lib/Target/ARM/ARMISelLowering.h
U    lib/Target/ARM/ARMInstrInfo.td
U    lib/Target/NVPTX/NVPTXISelLowering.cpp
U    lib/Target/PowerPC/PPCInstrInfo.cpp
U    lib/CodeGen/SelectionDAG/LegalizeTypes.h
U    lib/CodeGen/SelectionDAG/TargetLowering.cpp
D    test/Transforms/InstCombine/select-implied.ll
U    test/Transforms/SLPVectorizer/X86/remark_horcost.ll
U    test/Transforms/SLPVectorizer/X86/horizontal-minmax.ll
U    test/Transforms/SLPVectorizer/X86/reduction_unrolled.ll
U    lib/CodeGen/StackProtector.cpp
U    test/Bindings/llvm-c/debug_info.ll
U    test/Transforms/SimpleLoopUnswitch/exponential-nontrivial-unswitch-nested.ll
U    lib/CodeGen/MachineScheduler.cpp
U    lib/CodeGen/TargetPassConfig.cpp
U    test/Transforms/SimpleLoopUnswitch/exponential-switch-unswitch.ll
U    lib/Target/PowerPC/PPCISelDAGToDAG.cpp
U    lib/CodeGen/AtomicExpandPass.cpp
U    lib/CodeGen/SelectionDAG/SelectionDAGISel.cpp
U    lib/CodeGen/SelectionDAG/FunctionLoweringInfo.cpp
U    lib/CodeGen/BranchFolding.cpp
U    test/Transforms/GCOVProfiling/three-element-mdnode.ll
U    test/Transforms/SimpleLoopUnswitch/exponential-nontrivial-unswitch-nested2.ll
D    test/Transforms/LICM/hoist-phi.ll
U    test/Transforms/FunctionImport/funcimport.ll
U    test/Transforms/InstCombine/canonicalize-constant-low-bit-mask-and-icmp-sge-to-icmp-sle.ll
U    test/Transforms/SLPVectorizer/X86/fabs.ll
U    test/Transforms/SLPVectorizer/X86/shift-shl.ll
U    test/Transforms/SLPVectorizer/X86/uitofp.ll
U    test/Transforms/SLPVectorizer/X86/shift-lshr.ll
U    test/Transforms/SimplifyCFG/implied-and-or.ll
U    test/Transforms/InstCombine/saturating-add-sub.ll
A    test/Transforms/Inline/inline-min-legal-vector-width.ll
U    test/Transforms/SLPVectorizer/X86/arith-sub.ll
U    test/Transforms/SLPVectorizer/X86/fptosi.ll
U    test/Transforms/SLPVectorizer/X86/horizontal-list.ll
U    test/Transforms/SLPVectorizer/X86/fround.ll
U    test/Transforms/SLPVectorizer/X86/PR39774.ll
U    lib/CodeGen/SelectionDAG/DAGCombiner.cpp
U    lib/CodeGen/LiveDebugVariables.cpp
U    test/Transforms/CallSiteSplitting/musttail.ll
A    test/Transforms/SimplifyCFG/branch-fold-three.ll
U    test/Transforms/InstCombine/unrecognized_three-way-comparison.ll
U    test/Transforms/InstCombine/canonicalize-constant-low-bit-mask-and-icmp-slt-to-icmp-sgt.ll
U    test/Transforms/SLPVectorizer/X86/shift-ashr.ll
U    test/Transforms/SLPVectorizer/X86/sitofp.ll
U    test/Transforms/SLPVectorizer/X86/PR35628_2.ll
U    test/Transforms/LoopVectorize/invariant-store-vectorization.ll
D    test/MC/AArch64/armv8.2a-mmfr2.s
D    test/MC/AArch64/armv8.5a-specrestrict-error.s
U    test/Transforms/SLPVectorizer/X86/fcopysign.ll
U    test/Transforms/CorrelatedValuePropagation/icmp.ll
A    test/Transforms/LoopSimplifyCFG/pr39783.ll
U    test/Transforms/LoopVectorize/X86/invariant-store-vectorization.ll
U    test/Transforms/CorrelatedValuePropagation/basic.ll
U    test/Transforms/InstSimplify/fp-undef.ll
U    test/Transforms/LoopVectorize/X86/invariant-load-gather.ll
A    test/Transforms/Mem2Reg/undef-order.ll
U    test/Transforms/InstCombine/vec_shuffle.ll
U    test/Transforms/SLPVectorizer/X86/arith-add.ll
U    test/Transforms/SLPVectorizer/X86/arith-mul.ll
U    test/Transforms/SLPVectorizer/X86/fptoui.ll
U    test/Transforms/SLPVectorizer/X86/PR35628_1.ll
U    test/Transforms/SLPVectorizer/X86/fma.ll
U    test/Transforms/CorrelatedValuePropagation/conflict.ll
U    test/Transforms/CorrelatedValuePropagation/range.ll
A    test/Transforms/LICM/hoist-phi.ll
U    test/Transforms/LoopStrengthReduce/lsr-comp-time.ll
U    test/MC/RISCV/rv32c-valid.s
U    test/MC/AArch64/armv8.5a-specrestrict.s
A    test/MC/AArch64/armv8.5a-ssbs.s
U    test/MC/AArch64/armv8.4a-tlb.s
U    test/MC/AMDGPU/vop_dpp.s
A    test/Transforms/LoopVectorize/pr30806.ll
U    test/MC/RISCV/compress-rv32i.s
U    test/MC/AArch64/armv8.4a-ldst.s
U    test/MC/AArch64/armv8.3a-js.s
U    test/MC/AArch64/armv8.2a-at.s
A    test/MC/WebAssembly/assembler-binary.ll
U    test/Transforms/CorrelatedValuePropagation/non-null.ll
A    test/Transforms/InstSimplify/select-implied.ll
U    test/Transforms/LoopVectorize/X86/gather-vs-interleave.ll
A    test/Transforms/LoopVectorize/if-reduction.ll
U    test/MC/RISCV/rvi-aliases-valid.s
A    test/MC/MachO/ARM/bad-darwin-ARM-offset-scattered.s
U    test/MC/AArch64/armv8.4a-flag.s
U    test/MC/AArch64/armv8.4a-trace.s
U    test/MC/AArch64/armv8.3a-complex.s
U    test/CodeGen/AMDGPU/smrd-fold-offset.mir
U    test/MC/Disassembler/AArch64/armv8.5a-specrestrict.txt
U    test/CodeGen/AMDGPU/madak.ll
A    test/CodeGen/AMDGPU/nand.ll
U    test/CodeGen/AMDGPU/cgp-bitfield-extract.ll
A    test/Transforms/LoopStrengthReduce/ARM/complexity.ll
U    test/MC/RISCV/rv32i-valid.s
A    test/MC/AArch64/armv8.5a-ssbs-error.s
U    test/MC/AArch64/armv8.3a-signed-pointer.s
U    test/MC/AArch64/armv8.2a-persistent-memory.s
U    test/MC/COFF/eh-frame.s
U    test/Instrumentation/MemorySanitizer/msan_asm_conservative.ll
U    test/CodeGen/AMDGPU/global-saddr.ll
U    test/CodeGen/AMDGPU/constant-fold-mi-operands.ll
U    test/CodeGen/AMDGPU/smrd.ll
D    test/CodeGen/X86/insert-prefetch-other.afdo
A    test/CodeGen/X86/insert-prefetch-other.afdo
U    test/CodeGen/AMDGPU/ds_write2st64.ll
U    test/CodeGen/AMDGPU/ds_write2.ll
U    test/CodeGen/AMDGPU/sdwa-peephole.ll
U    test/CodeGen/AMDGPU/memory-legalizer-load.ll
U    test/CodeGen/AMDGPU/vccz-corrupt-bug-workaround.mir
A    test/MC/Disassembler/AArch64/armv8.5a-ssbs.txt
U    test/CodeGen/AMDGPU/insert_vector_elt.v2i16.subtest-saddr.ll
U    test/CodeGen/AMDGPU/waitcnt-preexisting.mir
U    test/CodeGen/AMDGPU/insert_vector_elt.ll
A    test/CodeGen/AMDGPU/sdwa-op64-test.ll
U    test/CodeGen/AMDGPU/vi-removed-intrinsics.ll
U    test/CodeGen/AMDGPU/global-load-store-atomics.mir
A    test/CodeGen/AMDGPU/waitcnt-loop-irreducible.mir
U    test/MC/Disassembler/RISCV/invalid-instruction.txt
U    test/Instrumentation/MemorySanitizer/msan_x86_bts_asm.ll
U    test/CodeGen/AMDGPU/memory_clause.ll
U    test/CodeGen/AMDGPU/fceil64.ll
U    test/CodeGen/AMDGPU/store-weird-sizes.ll
U    test/CodeGen/AMDGPU/ftrunc.f64.ll
U    test/CodeGen/AMDGPU/si-triv-disjoint-mem-access.ll
A    test/CodeGen/AMDGPU/andorn2.ll
A    test/CodeGen/AMDGPU/sdwa-ops.mir
U    test/CodeGen/AMDGPU/memory-legalizer-store.ll
D    test/CodeGen/X86/insert-prefetch.ll
A    test/CodeGen/X86/insert-prefetch.ll
D    test/CodeGen/X86/insert-prefetch-inline.afdo
A    test/CodeGen/X86/insert-prefetch-inline.afdo
D    test/CodeGen/X86/insert-prefetch-inline.ll
A    test/CodeGen/X86/insert-prefetch-inline.ll
A    test/CodeGen/ARM/fp16-vld.ll
U    test/CodeGen/ARM/cmp.ll
A    test/CodeGen/PowerPC/brcond.ll
U    test/CodeGen/X86/vector-rotate-128.ll
A    test/CodeGen/AMDGPU/dpp_combine_subregs.mir
A    test/CodeGen/ARM/sdiv-pow2-arm-size.ll
A    test/CodeGen/PowerPC/convert-rr-to-ri-p9-vector.mir
U    test/CodeGen/X86/pr37879.ll
U    test/CodeGen/AMDGPU/idot8.ll
A    test/CodeGen/AMDGPU/dpp_combine.ll
A    test/CodeGen/AMDGPU/nor.ll
U    test/CodeGen/AMDGPU/smrd-vccz-bug.ll
U    test/CodeGen/AMDGPU/xnor.ll
U    test/CodeGen/ARM/select.ll
U    test/CodeGen/ARM/CGP/arm-cgp-casts.ll
U    test/CodeGen/X86/pr35918.ll
U    test/CodeGen/X86/vector-mul.ll
D    test/CodeGen/X86/insert-prefetch.afdo
A    test/CodeGen/X86/insert-prefetch.afdo
D    test/CodeGen/X86/insert-prefetch-invalid-instr.afdo
A    test/CodeGen/X86/insert-prefetch-invalid-instr.afdo
D    test/CodeGen/X86/discriminate-mem-ops.ll
A    test/CodeGen/X86/discriminate-mem-ops.ll
D    test/CodeGen/X86/insert-prefetch-invalid-instr.ll
A    test/CodeGen/X86/insert-prefetch-invalid-instr.ll
U    test/CodeGen/X86/vector-shift-shl-128.ll
U    test/CodeGen/X86/vector-idiv-sdiv-128.ll
U    test/CodeGen/X86/avx512-cvt-widen.ll
U    test/CodeGen/X86/schedule-x86-64-shld.ll
U    test/CodeGen/X86/scheduler-backtracking.ll
U    test/CodeGen/X86/pmul.ll
U    test/CodeGen/X86/vector-idiv-sdiv-512.ll
U    test/CodeGen/X86/vselect.ll
U    test/CodeGen/X86/rotate.ll
U    test/CodeGen/X86/xchg-nofold.ll
U    test/CodeGen/X86/combine-sdiv.ll
U    test/CodeGen/X86/urem-seteq-vec-nonsplat.ll
U    test/CodeGen/X86/vector-idiv-v2i32.ll
U    test/CodeGen/X86/rotate4.ll
U    test/CodeGen/X86/combine-mul.ll
U    test/CodeGen/X86/clear-lowbits.ll
U    test/CodeGen/X86/fp-undef.ll
U    test/CodeGen/X86/2008-09-11-CoalescerBug2.ll
U    test/CodeGen/X86/2010-08-04-MaskedSignedCompare.ll
U    test/CodeGen/X86/rotate-extract-vector.ll
U    test/CodeGen/X86/vector-shift-shl-sub128.ll
U    test/CodeGen/X86/3dnow-intrinsics.ll
U    test/CodeGen/X86/vector-shift-ashr-sub128.ll
A    test/CodeGen/X86/scalarize-fp.ll
U    test/CodeGen/X86/mmx-arith.ll
U    test/CodeGen/X86/vector-compare-results.ll
U    test/CodeGen/X86/bool-math.ll
U    test/CodeGen/X86/fshl.ll
U    test/CodeGen/X86/vector-shift-shl-sub128-widen.ll
U    test/CodeGen/X86/funnel-shift.ll
U    test/CodeGen/X86/funnel-shift-rot.ll
U    test/CodeGen/X86/test-shrink.ll
U    test/CodeGen/X86/vector-idiv-udiv-512.ll
U    test/CodeGen/X86/vec_insert-mmx.ll
A    test/CodeGen/ARM/sdiv-pow2-thumb-size.ll
A    test/CodeGen/NVPTX/i128-struct.ll
U    test/CodeGen/X86/extract-lowbits.ll
U    test/CodeGen/X86/fshr.ll
U    test/CodeGen/X86/rot16.ll
U    test/CodeGen/X86/statepoint-stackmap-format.ll
U    test/CodeGen/X86/combine-udiv.ll
U    test/CodeGen/X86/cmov.ll
U    test/CodeGen/X86/pr32284.ll
U    test/CodeGen/X86/vector-idiv-udiv-256.ll
U    test/CodeGen/X86/vector-shuffle-256-v32.ll
U    test/CodeGen/X86/extract-bits.ll
U    test/CodeGen/X86/vec_insert-7.ll
U    test/CodeGen/X86/add-sub-nsw-nuw.ll
U    test/CodeGen/X86/vector-trunc.ll
U    test/CodeGen/X86/vector-idiv-udiv-128.ll
U    test/CodeGen/X86/vector-half-conversions.ll
A    test/CodeGen/RISCV/flt-rounds.ll
A    test/CodeGen/RISCV/rv64i-tricky-shifts.ll
A    test/CodeGen/RISCV/mem64.ll
A    test/CodeGen/RISCV/prefetch.ll
U    test/CodeGen/RISCV/sext-zext-trunc.ll
U    test/CodeGen/X86/vector-shift-shl-256.ll
U    test/CodeGen/X86/vector-idiv-sdiv-256.ll
U    test/CodeGen/X86/prefer-avx256-wide-mul.ll
U    test/CodeGen/RISCV/alu32.ll
U    test/CodeGen/RISCV/frameaddr-returnaddr.ll
A    test/CodeGen/RISCV/alu64.ll
A    test/Analysis/DivergenceAnalysis/AMDGPU/lit.local.cfg
U    test/CodeGen/RISCV/alu8.ll
U    test/CodeGen/AArch64/machine-outliner.mir
A    test/CodeGen/AArch64/machine-outliner-all-stack.mir
A    test/CodeGen/AArch64/machine-outliner-drop-stack.mir
A    test/Bitcode/DISubprogram-v4.ll.bc
A    test/Assembler/debug-info-source.ll
A    test/ThinLTO/X86/Inputs/local_name_conflict_var2.ll
A    test/CodeGen/AArch64/machine-outliner-compatible-candidates.mir
U    test/CodeGen/AArch64/machine-outliner-regsave.mir
U    test/CodeGen/AArch64/arm64-memset-inline.ll
U    test/CodeGen/RISCV/alu16.ll
A    test/CodeGen/RISCV/rv64i-exhaustive-w-insts.ll
U    test/CodeGen/RISCV/atomic-cmpxchg.ll
U    test/CodeGen/AArch64/shadow-call-stack.ll
U    test/CodeGen/AArch64/machine-outliner.ll
A    test/CodeGen/AArch64/GlobalISel/irtranslator-stackprotect-check.ll
A    test/Bitcode/DISubprogram-v4.ll
U    test/Assembler/disubprogram.ll
A    test/ThinLTO/X86/local_name_conflict_var.ll
A    test/ThinLTO/X86/Inputs/local_name_conflict_var1.ll
A    test/Analysis/DivergenceAnalysis/NVPTX/lit.local.cfg
U    test/Analysis/CostModel/X86/reduce-mul.ll
U    test/Analysis/CostModel/X86/reduce-smax.ll
U    test/Analysis/CostModel/X86/reduce-umax.ll
U    test/Analysis/CostModel/X86/reduce-xor.ll
A    test/Analysis/DivergenceAnalysis/AMDGPU/no-return-blocks.ll
A    test/Analysis/DivergenceAnalysis/AMDGPU/temporal_diverge.ll
A    test/Analysis/DivergenceAnalysis/AMDGPU/kernel-args.ll
A    test/CodeGen/MIR/X86/branch-folder-with-label.mir
U    test/CodeGen/AArch64/machine-outliner-remarks.ll
U    test/CodeGen/AArch64/GlobalISel/legalize-ext.mir
U    test/Bitcode/DISubprogram-distinct-definitions.ll
U    test/Assembler/invalid-disubprogram-uniqued-definition.ll
A    test/TableGen/ambiguous-composition.td
U    test/ThinLTO/X86/Inputs/local_name_conflict2.ll
A    test/Analysis/DivergenceAnalysis/AMDGPU/workitem-intrinsics.ll
A    test/Analysis/DivergenceAnalysis/AMDGPU/irreducible.ll
A    test/Analysis/DivergenceAnalysis/AMDGPU/llvm.amdgcn.image.atomic.ll
U    test/Analysis/CostModel/X86/reduce-smin.ll
U    test/Analysis/CostModel/X86/reduce-umin.ll
U    test/Analysis/CostModel/X86/reduce-or.ll
U    test/Analysis/CostModel/X86/reduction.ll
U    test/Analysis/CostModel/X86/reduce-add.ll
U    test/Analysis/CostModel/X86/reduce-and.ll
U    test/Analysis/CostModel/AArch64/vector-reduce.ll
A    test/Analysis/DivergenceAnalysis/AMDGPU/phi-undef.ll
U    test/Analysis/CostModel/SystemZ/memop-folding-int-arith.ll
U    test/Analysis/CostModel/SystemZ/logical.ll
A    test/Analysis/DivergenceAnalysis/AMDGPU/intrinsics.ll
A    test/Analysis/DivergenceAnalysis/AMDGPU/always_uniform.ll
A    test/Analysis/DivergenceAnalysis/NVPTX/diverge.ll
A    test/Analysis/DivergenceAnalysis/NVPTX/hidden_diverge.ll
A    test/Analysis/CostModel/SystemZ/load-and-test.ll
U    test/Analysis/CostModel/X86/strided-load-i32.ll
U    test/Analysis/CostModel/X86/reduce-umin-widen.ll
U    test/Analysis/CostModel/X86/reduce-add-widen.ll
A    test/Analysis/DivergenceAnalysis/AMDGPU/hidden_diverge.ll
A    test/Analysis/DivergenceAnalysis/NVPTX/daorder.ll
A    test/Analysis/CostModel/SystemZ/int-operands-extcost.ll
U    test/Analysis/CostModel/X86/reduce-mul-widen.ll
U    test/Analysis/CostModel/X86/reduce-smin-widen.ll
U    test/Analysis/CostModel/X86/strided-load-i8.ll
A    test/tools/dsymutil/Inputs/global_downgraded_to_static
D    test/tools/llvm-objcopy/keep-symbol.test
D    test/tools/llvm-objcopy/strip-sections-only-keep.test
D    test/tools/llvm-objcopy/common-symbol.test
D    test/tools/llvm-objcopy/localize.test
D    test/tools/llvm-objcopy/strip-symbol.test
D    test/tools/llvm-objcopy/basic-only-keep-debug.test
D    test/tools/llvm-objcopy/no-symbol-relocation.test
D    test/tools/llvm-objcopy/null-symbol.test
D    test/tools/llvm-objcopy/add-gnu-debuglink.test
D    test/tools/llvm-objcopy/input-output-target.test
D    test/tools/llvm-objcopy/binary-input.test
D    test/tools/llvm-objcopy/two-seg-remove-end.test
D    test/tools/llvm-objcopy/auto-remove-shndx.test
D    test/tools/llvm-objcopy/binary-no-paddr.test
D    test/tools/llvm-objcopy/strip-sections.test
D    test/tools/llvm-objcopy/keep-file-symbols.test
D    test/tools/llvm-objcopy/adjacent-segments.test
D    test/tools/llvm-objcopy/compress-and-decompress-debug-sections-error.test
D    test/tools/llvm-objcopy/section-index-unsupported.test
D    test/tools/llvm-objcopy/two-seg-remove-first.test
D    test/tools/llvm-objcopy/strip-dwo-groups.test
D    test/tools/llvm-objcopy/abs-symbol.test
D    test/tools/llvm-objcopy/basic-archive-copy.test
D    test/tools/llvm-objcopy/rename-section-flag-preserved.test
D    test/tools/llvm-objcopy/segment-shift.test
D    test/tools/llvm-objcopy/binary-out-error.test
D    test/tools/llvm-objcopy/dynsym.test
D    test/tools/llvm-objcopy/fail-no-output-directory.test
D    test/tools/llvm-objcopy/strip-debug.test
D    test/tools/llvm-objcopy/compress-debug-sections-default.test
D    test/tools/llvm-objcopy/symtab-error-on-remove-strtab.test
D    test/tools/llvm-objcopy/remove-symtab.test
D    test/tools/llvm-objcopy/only-keep-remove-strtab.test
D    test/tools/llvm-objcopy/elf32le.test
D    test/tools/llvm-objcopy/explicit-keep-remove.test
D    test/tools/llvm-objcopy/empty-section.test
D    test/tools/llvm-objcopy/basic-relocations.test
D    test/tools/llvm-objcopy/check-addr-offset-align.test
D    test/tools/llvm-objcopy/compress-debug-sections-zlib.test
D    test/tools/llvm-objcopy/compress-debug-sections.test
D    test/tools/llvm-objcopy/dump-section.test
D    test/tools/llvm-objcopy/binary-input-error.test
D    test/tools/llvm-objcopy/basic-binary-copy.test
D    test/tools/llvm-objcopy/parent-loop-check.test
D    test/tools/llvm-objcopy/remove-multiple-sections.test
D    test/tools/llvm-objcopy/binary-paddr.test
D    test/tools/llvm-objcopy/explicit-only-keep-remove.test
D    test/tools/llvm-objcopy/compress-debug-sections-invalid-format.test
D    test/tools/llvm-objcopy/remove-shndx.test
D    test/tools/llvm-objcopy/strip-debug-and-remove.test
D    test/tools/llvm-objcopy/reloc-error-remove-symtab.test
D    test/tools/llvm-objcopy/keep-symbol-remove-section.test
D    test/tools/llvm-objcopy/redefine-symbol.test
D    test/tools/llvm-objcopy/add-section-remove.test
D    test/tools/llvm-objcopy/keep-only-keep.test
D    test/tools/llvm-objcopy/binary-first-seg-offset-zero.test
D    test/tools/llvm-objcopy/sectionless-segment.test
D    test/tools/llvm-objcopy/strip-dwo-inplace.test
D    test/tools/llvm-objcopy/dynamic-relocations.test
D    test/tools/llvm-objcopy/only-keep-many.test
D    test/tools/llvm-objcopy/keep-global-symbols.test
D    test/tools/llvm-objcopy/drawf-fission.test
D    test/tools/llvm-objcopy/remove-section-with-symbol.test
D    test/tools/llvm-objcopy/compress-debug-sections-default-gnu.test
D    test/tools/llvm-objcopy/discard-all.test
D    test/tools/llvm-objcopy/prefix-symbols.test
D    test/tools/llvm-objcopy/keep-many.test
D    test/tools/llvm-objcopy/strip-unneeded.test
D    test/tools/llvm-objcopy/elf64be.test
D    test/tools/llvm-objcopy/overlap-chain.test
D    test/tools/llvm-objcopy/compress-debug-sections-zlib-gnu.test
D    test/tools/llvm-objcopy/basic-copy.test
D    test/tools/llvm-objcopy/symtab-link.test
D    test/tools/llvm-objcopy/group.test
D    test/tools/llvm-objcopy/strip-all-and-keep-symbol.test
D    test/tools/llvm-objcopy/binary-remove-all-but-one.test
D    test/tools/llvm-objcopy/binary-segment-layout.test
D    test/tools/llvm-objcopy/triple-overlap.test
D    test/tools/llvm-objcopy/keep-global-symbols-mix-globalize.test
D    test/tools/llvm-objcopy/rename-section.test
D    test/tools/llvm-objcopy/help-message.test
D    test/tools/llvm-objcopy/segment-shift-section-remove.test
D    test/tools/llvm-objcopy/reloc-no-symtab.test
D    test/tools/llvm-objcopy/binary-input-and-output.test
D    test/tools/llvm-objcopy/cannot-delete-dest.test
D    test/tools/llvm-objcopy/dynstr.test
D    test/tools/llvm-objcopy/add-section.test
D    test/tools/llvm-objcopy/binary-input-arch.test
D    test/tools/llvm-objcopy/strip-all-gnu.test
D    test/tools/llvm-objcopy/remove-section.test
D    test/tools/llvm-objcopy/binary-remove-middle.test
D    test/tools/llvm-objcopy/rename-section-flag-osproc-mask.test
D    test/tools/llvm-objcopy/segment-test-remove-section.test
D    test/tools/llvm-objcopy/remove-shstrtab-error.test
D    test/tools/llvm-objcopy/identical-segments.test
D    test/tools/llvm-objcopy/rename-section-flag.test
D    test/tools/llvm-objcopy/weaken-all.test
D    test/tools/llvm-objcopy/marker-segment.test
D    test/tools/llvm-objcopy/elf32be.test
D    test/tools/llvm-objcopy/basic-only-keep.test
D    test/tools/llvm-objcopy/only-keep-strip-non-alloc.test
D    test/tools/llvm-objcopy/dynamic.test
D    test/tools/llvm-objcopy/strip-preserve-time.test
D    test/tools/llvm-objcopy/group-big-endian.test
D    test/tools/llvm-objcopy/objcopy-version.test
D    test/tools/llvm-objcopy/many-sections.test
D    test/tools/llvm-objcopy/strip-all-and-remove.test
D    test/tools/llvm-objcopy/basic-keep.test
D    test/tools/llvm-objcopy/hexagon-unsupported-on-x86.test
D    test/tools/llvm-objcopy/symbol-copy.test
D    test/tools/llvm-objcopy/strip-non-alloc.test
D    test/tools/llvm-objcopy/check-addr-offset-align-binary.test
D    test/tools/llvm-objcopy/binary-remove-end.test
D    test/tools/llvm-objcopy/group-unchanged.test
D    test/tools/llvm-objcopy/strip-multiple-files.test
D    test/tools/llvm-objcopy/localize-hidden.test
D    test/tools/llvm-objcopy/strip-group-symbol.test
D    test/tools/llvm-objcopy/two-seg-remove-third-sec.test
D    test/tools/llvm-objcopy/dynsym-error-remove-strtab.test
D    test/tools/llvm-objcopy/rename-section-multiple.test
D    test/tools/llvm-objcopy/Inputs
D    test/tools/llvm-objcopy/strip-reloc-symbol.test
D    test/tools/llvm-objcopy/strip-all.test
D    test/tools/llvm-objcopy/globalize.test
D    test/tools/llvm-objcopy/strict-no-add.test
D    test/tools/llvm-objcopy/strip-sections-keep.test
D    test/tools/llvm-objcopy/relocatable-phdr.test
D    test/tools/llvm-objcopy/weaken.test
D    test/tools/llvm-objcopy/armexidx-link.test
D    test/tools/llvm-objcopy/pt-phdr.test
D    test/tools/llvm-objcopy/program-headers.test
D    test/tools/llvm-objcopy/deterministic-archive.test
D    test/tools/llvm-objcopy/strip-version.test
A    test/tools/llvm-objcopy/ELF
A    test/tools/llvm-objcopy/ELF/dump-section.test
A    test/tools/llvm-objcopy/ELF/binary-input-error.test
A    test/tools/llvm-objcopy/ELF/basic-binary-copy.test
A    test/tools/llvm-objcopy/ELF/parent-loop-check.test
A    test/tools/llvm-objcopy/ELF/remove-multiple-sections.test
A    test/tools/llvm-objcopy/ELF/binary-paddr.test
A    test/tools/llvm-objcopy/ELF/explicit-only-keep-remove.test
A    test/tools/llvm-objcopy/ELF/compress-debug-sections-invalid-format.test
A    test/tools/llvm-objcopy/ELF/remove-shndx.test
A    test/tools/llvm-objcopy/ELF/strip-debug-and-remove.test
A    test/tools/llvm-objcopy/ELF/reloc-error-remove-symtab.test
A    test/tools/llvm-objcopy/ELF/keep-symbol-remove-section.test
A    test/tools/llvm-objcopy/ELF/redefine-symbol.test
A    test/tools/llvm-objcopy/ELF/keep-only-keep.test
A    test/tools/llvm-objcopy/ELF/add-section-remove.test
A    test/tools/llvm-objcopy/ELF/binary-first-seg-offset-zero.test
A    test/tools/llvm-objcopy/ELF/sectionless-segment.test
A    test/tools/llvm-objcopy/ELF/strip-dwo-inplace.test
A    test/tools/llvm-objcopy/ELF/dynamic-relocations.test
A    test/tools/llvm-objcopy/ELF/only-keep-many.test
A    test/tools/llvm-objcopy/ELF/keep-global-symbols.test
A    test/tools/llvm-objcopy/ELF/drawf-fission.test
A    test/tools/llvm-objcopy/ELF/remove-section-with-symbol.test
A    test/tools/llvm-objcopy/ELF/compress-debug-sections-default-gnu.test
A    test/tools/llvm-objcopy/ELF/discard-all.test
A    test/tools/llvm-objcopy/ELF/prefix-symbols.test
A    test/tools/llvm-objcopy/ELF/keep-many.test
A    test/tools/llvm-objcopy/ELF/strip-unneeded.test
A    test/tools/llvm-objcopy/ELF/elf64be.test
A    test/tools/llvm-objcopy/ELF/overlap-chain.test
A    test/tools/llvm-objcopy/ELF/basic-copy.test
A    test/tools/llvm-objcopy/ELF/compress-debug-sections-zlib-gnu.test
A    test/tools/llvm-objcopy/ELF/symtab-link.test
A    test/tools/llvm-objcopy/ELF/binary-remove-all-but-one.test
A    test/tools/llvm-objcopy/ELF/strip-all-and-keep-symbol.test
A    test/tools/llvm-objcopy/ELF/group.test
A    test/tools/llvm-objcopy/ELF/binary-segment-layout.test
A    test/tools/llvm-objcopy/ELF/triple-overlap.test
A    test/tools/llvm-objcopy/ELF/keep-global-symbols-mix-globalize.test
A    test/tools/llvm-objcopy/ELF/rename-section.test
A    test/tools/llvm-objcopy/ELF/segment-shift-section-remove.test
A    test/tools/llvm-objcopy/ELF/help-message.test
A    test/tools/llvm-objcopy/ELF/reloc-no-symtab.test
A    test/tools/llvm-objcopy/ELF/binary-input-and-output.test
A    test/tools/llvm-objcopy/ELF/cannot-delete-dest.test
A    test/tools/llvm-objcopy/ELF/dynstr.test
A    test/tools/llvm-objcopy/ELF/add-section.test
A    test/tools/llvm-objcopy/ELF/binary-input-arch.test
A    test/tools/llvm-objcopy/ELF/strip-all-gnu.test
A    test/tools/llvm-objcopy/ELF/remove-section.test
A    test/tools/llvm-objcopy/ELF/binary-remove-middle.test
A    test/tools/llvm-objcopy/ELF/segment-test-remove-section.test
A    test/tools/llvm-objcopy/ELF/rename-section-flag-osproc-mask.test
A    test/tools/llvm-objcopy/ELF/remove-shstrtab-error.test
A    test/tools/llvm-objcopy/ELF/identical-segments.test
A    test/tools/llvm-objcopy/ELF/rename-section-flag.test
A    test/tools/llvm-objcopy/ELF/weaken-all.test
A    test/tools/llvm-objcopy/ELF/marker-segment.test
A    test/tools/llvm-objcopy/ELF/only-keep-strip-non-alloc.test
A    test/tools/llvm-objcopy/ELF/basic-only-keep.test
A    test/tools/llvm-objcopy/ELF/elf32be.test
A    test/tools/llvm-objcopy/ELF/dynamic.test
A    test/tools/llvm-objcopy/ELF/strip-preserve-time.test
A    test/tools/llvm-objcopy/ELF/group-big-endian.test
A    test/tools/llvm-objcopy/ELF/objcopy-version.test
A    test/tools/llvm-objcopy/ELF/many-sections.test
A    test/tools/llvm-objcopy/ELF/strip-all-and-remove.test
A    test/tools/llvm-objcopy/ELF/basic-keep.test
A    test/tools/llvm-objcopy/ELF/hexagon-unsupported-on-x86.test
A    test/tools/llvm-objcopy/ELF/symbol-copy.test
A    test/tools/llvm-objcopy/ELF/strip-non-alloc.test
A    test/tools/llvm-objcopy/ELF/binary-remove-end.test
A    test/tools/llvm-objcopy/ELF/check-addr-offset-align-binary.test
A    test/tools/llvm-objcopy/ELF/group-unchanged.test
A    test/tools/llvm-objcopy/ELF/strip-multiple-files.test
A    test/tools/llvm-objcopy/ELF/localize-hidden.test
A    test/tools/llvm-objcopy/ELF/strip-group-symbol.test
A    test/tools/llvm-objcopy/ELF/two-seg-remove-third-sec.test
A    test/tools/llvm-objcopy/ELF/dynsym-error-remove-strtab.test
A    test/tools/llvm-objcopy/ELF/rename-section-multiple.test
A    test/tools/llvm-objcopy/ELF/Inputs
A    test/tools/llvm-objcopy/ELF/Inputs/dynsym.so
A    test/tools/llvm-objcopy/ELF/Inputs/pt-phdr.elf
A    test/tools/llvm-objcopy/ELF/Inputs/ungzip.py
A    test/tools/llvm-objcopy/ELF/Inputs/alloc-symtab.o
A    test/tools/llvm-objcopy/ELF/Inputs/dynamic.so
A    test/tools/llvm-objcopy/ELF/Inputs/compress-debug-sections.yaml
A    test/tools/llvm-objcopy/ELF/Inputs/many-sections.o.gz
A    test/tools/llvm-objcopy/ELF/Inputs/dwarf.dwo
A    test/tools/llvm-objcopy/ELF/Inputs/groups.o
A    test/tools/llvm-objcopy/ELF/Inputs/dynrel.elf
A    test/tools/llvm-objcopy/ELF/strip-reloc-symbol.test
A    test/tools/llvm-objcopy/ELF/strip-all.test
A    test/tools/llvm-objcopy/ELF/relocatable-phdr.test
A    test/tools/llvm-objcopy/ELF/strict-no-add.test
A    test/tools/llvm-objcopy/ELF/globalize.test
A    test/tools/llvm-objcopy/ELF/strip-sections-keep.test
A    test/tools/llvm-objcopy/ELF/weaken.test
A    test/tools/llvm-objcopy/ELF/armexidx-link.test
A    test/tools/llvm-objcopy/ELF/pt-phdr.test
A    test/tools/llvm-objcopy/ELF/program-headers.test
A    test/tools/llvm-objcopy/ELF/deterministic-archive.test
A    test/tools/llvm-objcopy/ELF/strip-version.test
A    test/tools/llvm-objcopy/ELF/keep-symbol.test
A    test/tools/llvm-objcopy/ELF/strip-sections-only-keep.test
A    test/tools/llvm-objcopy/ELF/common-symbol.test
A    test/tools/llvm-objcopy/ELF/localize.test
A    test/tools/llvm-objcopy/ELF/strip-symbol.test
A    test/tools/llvm-objcopy/ELF/basic-only-keep-debug.test
A    test/tools/llvm-objcopy/ELF/no-symbol-relocation.test
A    test/tools/llvm-objcopy/ELF/null-symbol.test
A    test/tools/llvm-objcopy/ELF/binary-input.test
A    test/tools/llvm-objcopy/ELF/input-output-target.test
A    test/tools/llvm-objcopy/ELF/add-gnu-debuglink.test
A    test/tools/llvm-objcopy/ELF/two-seg-remove-end.test
A    test/tools/llvm-objcopy/ELF/auto-remove-shndx.test
A    test/tools/llvm-objcopy/ELF/binary-no-paddr.test
A    test/tools/llvm-objcopy/ELF/strip-sections.test
A    test/tools/llvm-objcopy/ELF/keep-file-symbols.test
A    test/tools/llvm-objcopy/ELF/adjacent-segments.test
A    test/tools/llvm-objcopy/ELF/compress-and-decompress-debug-sections-error.test
A    test/tools/llvm-objcopy/ELF/section-index-unsupported.test
A    test/tools/llvm-objcopy/ELF/two-seg-remove-first.test
A    test/tools/llvm-objcopy/ELF/strip-dwo-groups.test
A    test/tools/llvm-objcopy/ELF/basic-archive-copy.test
A    test/tools/llvm-objcopy/ELF/abs-symbol.test
A    test/tools/llvm-objcopy/ELF/segment-shift.test
A    test/tools/llvm-objcopy/ELF/rename-section-flag-preserved.test
A    test/tools/llvm-objcopy/ELF/binary-out-error.test
A    test/tools/llvm-objcopy/ELF/dynsym.test
A    test/tools/llvm-objcopy/ELF/fail-no-output-directory.test
A    test/tools/llvm-objcopy/ELF/strip-debug.test
A    test/tools/llvm-objcopy/ELF/compress-debug-sections-default.test
A    test/tools/llvm-objcopy/ELF/symtab-error-on-remove-strtab.test
A    test/tools/llvm-objcopy/ELF/remove-symtab.test
A    test/tools/llvm-objcopy/ELF/only-keep-remove-strtab.test
A    test/tools/llvm-objcopy/ELF/elf32le.test
A    test/tools/llvm-objcopy/ELF/explicit-keep-remove.test
A    test/tools/llvm-objcopy/ELF/empty-section.test
A    test/tools/llvm-objcopy/ELF/check-addr-offset-align.test
A    test/tools/llvm-objcopy/ELF/basic-relocations.test
A    test/tools/llvm-objcopy/ELF/compress-debug-sections-zlib.test
A    test/tools/llvm-objcopy/ELF/compress-debug-sections.test
U    test/Bitcode/thinlto-function-summary.ll
A    test/Assembler/debug-info-source-invalid.ll
U    test/ThinLTO/X86/local_name_conflict.ll
U    test/ThinLTO/X86/Inputs/local_name_conflict1.ll
A    test/Analysis/DivergenceAnalysis/AMDGPU/llvm.amdgcn.buffer.atomic.ll
A    test/Analysis/DivergenceAnalysis/AMDGPU/hidden_loopdiverge.ll
A    test/Analysis/DivergenceAnalysis/AMDGPU/atomics.ll
A    test/Analysis/DivergenceAnalysis/NVPTX/irreducible.ll
U    test/Analysis/ScalarEvolution/solve-quadratic.ll
U    test/Analysis/CostModel/SystemZ/divrem-reg.ll
U    test/Analysis/CostModel/X86/strided-load-i16.ll
U    test/Analysis/CostModel/X86/interleave-store-i32.ll
U    test/Analysis/CostModel/X86/reduce-and-widen.ll
U    test/Analysis/CostModel/X86/strided-load-i64.ll
U    test/Linker/replaced-function-matches-first-subprogram.ll
U    test/tools/llvm-mca/X86/BdVer2/store-throughput.s
A    test/tools/llvm-dwarfdump/X86/no_debug_addr.s
U    include/llvm/CodeGen/BasicTTIImpl.h
U    include/llvm/Analysis/IVDescriptors.h
A    test/tools/dsymutil/Inputs/global_downgraded_to_static/1.r.o
U    test/Other/scc-pass-printer.ll
A    test/tools/dsymutil/Inputs/global_downgraded_to_static/1.o
A    test/tools/llvm-objcopy/ELF/no-build-id.test
A    test/tools/llvm-objcopy/ELF/bad-build-id.test
U    test/DebugInfo/Generic/invalid.ll
U    include/llvm/BinaryFormat/ELF.h
U    include/llvm/LTO/legacy/ThinLTOCodeGenerator.h
U    include/llvm/CodeGen/GlobalISel/LegalizationArtifactCombiner.h
U    include/llvm/IR/DebugInfoFlags.def
U    include/llvm/Analysis/CmpInstAnalysis.h
U    include/llvm/Target/Target.td
U    include/llvm/DebugInfo/CodeView/RecordSerialization.h
U    test/Analysis/CostModel/X86/reduce-xor-widen.ll
U    test/Analysis/CostModel/X86/reduce-or-widen.ll
U    test/Analysis/CostModel/X86/reduce-smax-widen.ll
U    test/tools/llvm-rc/Inputs/tag-dialog-headers.rc
U    test/tools/llvm-mca/X86/BdVer2/load-throughput.s
A    test/tools/dsymutil/Inputs/global_downgraded_to_static/2.o
A    test/tools/llvm-objcopy/ELF/build-id-link-dir.test
U    test/tools/yaml2obj/coff-arm64.yaml
U    test/BugPoint/compile-custom.ll
U    include/llvm/MC/MCInst.h
U    include/llvm/CodeGen/SelectionDAGISel.h
U    include/llvm/IR/IntrinsicsRISCV.td
U    include/llvm/Analysis/LegacyDivergenceAnalysis.h
U    include/llvm/Analysis/CaptureTracking.h
U    include/llvm/Target/TargetSelectionDAG.td
U    include/llvm/ADT/Optional.h
U    include/llvm/MC/MCSchedule.h
U    include/llvm/CodeGen/FunctionLoweringInfo.h
U    include/llvm/IR/DiagnosticInfo.h
U    include/llvm/Analysis/DivergenceAnalysis.h
U    include/llvm/Target/TargetSchedule.td
U    include/llvm/Target/TargetOptions.h
U    test/Analysis/CostModel/X86/interleave-load-i32.ll
U    test/Analysis/CostModel/X86/reduce-umax-widen.ll
U    test/tools/llvm-rc/tag-dialog.test
A    test/tools/dsymutil/Inputs/global_downgraded_to_static.x86_64
A    test/tools/dsymutil/X86/global_downgraded_to_static.c
A    test/tools/llvm-objcopy/ELF/no-build-id-no-notes.test
U    test/DebugInfo/debugify.ll
U    cmake/modules/AddLLVM.cmake
U    include/llvm/MC/MCInstrDesc.h
U    include/llvm/CodeGen/TargetLowering.h
U    include/llvm/IR/DebugInfoMetadata.h
U    include/llvm/Analysis/ValueTracking.h
U    include/llvm/Target/TargetMachine.h
U    include/llvm/ADT/SmallVector.h
A    include/llvm/TextAPI
A    include/llvm/TextAPI/ELF
A    include/llvm/TextAPI/MachO
U    include/llvm/Support/X86DisassemblerDecoderCommon.h
U    include/llvm/Support/type_traits.h
U    include/llvm/ADT/Triple.h
U    include/llvm/Support/AArch64TargetParser.h
U    include/llvm/Support/AArch64TargetParser.def
A    include/llvm/TextAPI/ELF/TBEHandler.h
A    include/llvm/TextAPI/ELF/ELFStub.h
U    projects/CMakeLists.txt
U    CODE_OWNERS.TXT
U    docs/Atomics.rst
 U   .
Updated to revision 348190.


############### Mon Dec  3 17:18:12 EST 2018
Updating '.':
U    test/CodeGen/X86/vector-trunc-math-widen.ll
U    test/CodeGen/X86/vector-trunc-math.ll
U    include/llvm/Support/Allocator.h
U    lib/Target/Mips/MCTargetDesc/MipsMCCodeEmitter.cpp
U    lib/Target/Mips/MCTargetDesc/MipsMCExpr.cpp
U    lib/Target/Mips/MCTargetDesc/MipsMCExpr.h
U    lib/Target/Mips/MipsTargetObjectFile.cpp
U    lib/Target/Mips/MipsAsmPrinter.cpp
U    lib/Target/X86/X86ISelLowering.cpp
A    lib/Target/Hexagon/HexagonDepDecoders.h
U    lib/Target/Hexagon/HexagonDepInstrFormats.td
U    lib/Target/Hexagon/Disassembler/HexagonDisassembler.cpp
U    lib/CodeGen/SelectionDAG/DAGCombiner.cpp
Updated to revision 348197.


############### Tue Dec  4 09:37:19 EST 2018
Updating '.':
U    lib/Target/AArch64/AArch64InstrFormats.td
U    lib/Target/AArch64/AsmParser/AArch64AsmParser.cpp
U    lib/ExecutionEngine/MCJIT/MCJIT.cpp
U    test/Transforms/SimpleLoopUnswitch/2006-06-13-SingleEntryPHI.ll
U    test/Transforms/SimpleLoopUnswitch/pr37888.ll
U    test/Transforms/SimpleLoopUnswitch/2012-04-02-IndirectBr.ll
U    lib/Transforms/Utils/CodeExtractor.cpp
U    lib/Transforms/Instrumentation/AddressSanitizer.cpp
U    test/Transforms/HotColdSplit/duplicate-phi-preds-crash.ll
U    test/Transforms/SimpleLoopUnswitch/nontrivial-unswitch-cost.ll
U    test/Transforms/SimpleLoopUnswitch/crash.ll
U    test/Transforms/SimpleLoopUnswitch/2011-06-02-CritSwitch.ll
U    utils/gn/README.rst
U    utils/TableGen/InstrInfoEmitter.cpp
U    tools/yaml2obj/yaml2elf.cpp
U    unittests/Transforms/Utils/CodeExtractorTest.cpp
U    lib/DebugInfo/DWARF/DWARFDebugFrame.cpp
U    lib/Target/X86/X86ISelLowering.cpp
U    lib/Target/X86/X86ISelLowering.h
U    lib/Target/AArch64/AArch64SystemOperands.td
U    lib/Target/AArch64/AArch64InstrInfo.td
U    lib/Target/AArch64/AArch64.td
U    lib/Target/AArch64/AArch64FrameLowering.cpp
U    lib/Target/AArch64/AArch64InstrInfo.cpp
U    lib/Target/AArch64/AArch64Subtarget.h
U    lib/Target/Hexagon/Hexagon.td
U    lib/Target/Hexagon/HexagonDepDecoders.h
A    lib/Target/Hexagon/HexagonDepMapAsm2Intrin.td
U    lib/Target/Hexagon/HexagonIntrinsics.td
U    lib/LTO/LTO.cpp
U    lib/CodeGen/SelectionDAG/DAGCombiner.cpp
U    lib/CodeGen/SelectionDAG/TargetLowering.cpp
U    lib/ExecutionEngine/IntelJITEvents/IntelJITEventListener.cpp
U    lib/ExecutionEngine/PerfJITEvents/PerfJITEventListener.cpp
U    lib/ExecutionEngine/GDBRegistrationListener.cpp
U    lib/ExecutionEngine/Orc/OrcCBindingsStack.h
U    lib/ExecutionEngine/MCJIT/MCJIT.h
U    lib/ExecutionEngine/OProfileJIT/OProfileJITEventListener.cpp
U    lib/Transforms/Instrumentation/GCOVProfiling.cpp
U    lib/Transforms/Scalar/SimpleLoopUnswitch.cpp
U    test/Transforms/SLPVectorizer/X86/PR39774.ll
U    test/Transforms/SimpleLoopUnswitch/2007-08-01-LCSSA.ll
U    test/Transforms/SimpleLoopUnswitch/2012-05-20-Phi.ll
U    test/MC/AArch64/armv8.4a-flag.s
U    test/MC/AArch64/armv8.3a-js.s
U    test/MC/AArch64/armv8.3a-signed-pointer.s
U    test/MC/AArch64/armv8.2a-at.s
A    test/MC/AArch64/armv8.2a-mmfr2.s
U    test/MC/AArch64/armv8.4a-trace.s
U    test/MC/AArch64/armv8.4a-tlb.s
U    test/MC/AArch64/armv8.2a-persistent-memory.s
U    test/MC/AArch64/armv8.3a-complex.s
U    test/MC/AArch64/armv8.4a-ldst.s
U    test/Transforms/SimpleLoopUnswitch/trivial-unswitch-iteration.ll
U    test/Transforms/SimpleLoopUnswitch/preserve-analyses.ll
U    test/Transforms/SimpleLoopUnswitch/2007-05-09-Unreachable.ll
U    test/Transforms/SimpleLoopUnswitch/LIV-loop-condtion.ll
U    test/Transforms/SimpleLoopUnswitch/2011-09-26-EHCrash.ll
U    test/Transforms/SimpleLoopUnswitch/trivial-unswitch.ll
U    test/Transforms/SimpleLoopUnswitch/guards.ll
U    test/Transforms/SimpleLoopUnswitch/msan.ll
U    test/Transforms/SimpleLoopUnswitch/update-scev.ll
U    test/Transforms/SimpleLoopUnswitch/2015-09-18-Addrspace.ll
U    test/CodeGen/X86/scalar-fp-to-i64.ll
U    test/CodeGen/X86/vector-rotate-512.ll
A    test/CodeGen/AArch64/machine-outliner-unsafe-stack-call.mir
U    include/llvm/ExecutionEngine/JITEventListener.h
U    projects/CMakeLists.txt
U    test/Transforms/SimpleLoopUnswitch/infinite-loop.ll
U    test/Transforms/SimpleLoopUnswitch/exponential-behavior.ll
U    test/Transforms/SimpleLoopUnswitch/2007-07-18-DomInfo.ll
U    test/Transforms/SimpleLoopUnswitch/2007-07-12-ExitDomInfo.ll
U    test/Transforms/SimpleLoopUnswitch/nontrivial-unswitch.ll
U    test/Instrumentation/AddressSanitizer/local_alias.ll
U    test/CodeGen/X86/memcmp.ll
A    test/CodeGen/AArch64/funclet-local-stack-size.ll
A    test/tools/llvm-dwarfdump/X86/eh-frame-return-address-reg.s
U    include/llvm/CodeGen/TargetLowering.h
U    test/Transforms/SimpleLoopUnswitch/basictest.ll
U    test/Transforms/SimpleLoopUnswitch/2010-11-18-LCSSA.ll
U    test/Transforms/SimpleLoopUnswitch/cleanuppad.ll
U    test/Transforms/SimpleLoopUnswitch/2007-07-13-DomInfo.ll
U    test/CodeGen/X86/fp-cvt.ll
U    test/CodeGen/X86/trunc-subvector.ll
U    test/ThinLTO/X86/cache-typeid-resolutions.ll
U    include/llvm/IR/IntrinsicsHexagon.td
U    test/Transforms/SimpleLoopUnswitch/2007-05-09-tl.ll
U    test/Transforms/SimpleLoopUnswitch/copy-metadata.ll
U    test/Transforms/SimpleLoopUnswitch/2006-06-27-DeadSwitchCase.ll
U    test/Transforms/SimpleLoopUnswitch/2008-06-02-DomInfo.ll
U    test/CodeGen/X86/vector-rotate-256.ll
U    test/CodeGen/X86/vector-rotate-128.ll
U    test/CodeGen/Hexagon/multi-cycle.ll
U    include/llvm/Transforms/Utils/CodeExtractor.h
Updated to revision 348266.


############### Tue Dec  4 09:38:06 EST 2018
Updating '.':
At revision 348266.
